[ 2016-10-04T21:59:42+08:00 ] ::1 /Marxism/Marxism/
INFO: [ app_init ] --START--
INFO: Run Behavior\BuildLiteBehavior [ RunTime:0.001000s ]
INFO: [ app_init ] --END-- [ RunTime:0.154009s ]
INFO: [ app_begin ] --START--
INFO: Run Behavior\ReadHtmlCacheBehavior [ RunTime:0.089005s ]
INFO: [ app_begin ] --END-- [ RunTime:0.089005s ]
NOTIC: [8192] mysql_connect(): The mysql extension is deprecated and will be removed in the future: use mysqli or PDO instead F:\PHP\wamp64\www\Marxism\Marxism\HomyitCore\Library\Think\Session\Driver\Db.class.php Á¨¨ 95 Ë°å.
INFO: [ action_begin ] --START--
INFO: Run Common\Behavior\HyLogBehavior [ RunTime:0.088005s ]
INFO: [ action_begin ] --END-- [ RunTime:0.088005s ]
NOTIC: [2048] Declaration of Common\Model\HyFrameModel::find() should be compatible with Think\Model::find($options = Array) F:\PHP\wamp64\www\Marxism\Marxism\Application\Common\Model\HyFrameModel.class.php Á¨¨ 13 Ë°å.

[ 2016-10-04T21:59:48+08:00 ] ::1 /Marxism/Marxism/index.php/System/HyStart/login.html
INFO: [ app_init ] --START--
INFO: Run Behavior\BuildLiteBehavior [ RunTime:0.000000s ]
INFO: [ app_init ] --END-- [ RunTime:0.059003s ]
INFO: [ app_begin ] --START--
INFO: Run Behavior\ReadHtmlCacheBehavior [ RunTime:0.002000s ]
INFO: [ app_begin ] --END-- [ RunTime:0.003000s ]
NOTIC: [8192] mysql_connect(): The mysql extension is deprecated and will be removed in the future: use mysqli or PDO instead F:\PHP\wamp64\www\Marxism\Marxism\HomyitCore\Library\Think\Session\Driver\Db.class.php Á¨¨ 95 Ë°å.
INFO: [ action_begin ] --START--
INFO: Run Common\Behavior\HyLogBehavior [ RunTime:0.003000s ]
INFO: [ action_begin ] --END-- [ RunTime:0.003000s ]
NOTIC: [2048] Declaration of Common\Model\HyFrameModel::find() should be compatible with Think\Model::find($options = Array) F:\PHP\wamp64\www\Marxism\Marxism\Application\Common\Model\HyFrameModel.class.php Á¨¨ 13 Ë°å.
NOTIC: [8] Undefined index: model F:\PHP\wamp64\www\Marxism\Marxism\Application\Common\Controller\HyFrameController.class.php Á¨¨ 42 Ë°å.
SQL: SHOW COLUMNS FROM `mar_frame_setting` [ RunTime:1.1991s ]
SQL: SELECT `key`,`value` FROM `mar_frame_setting` WHERE `status` < 9  [ RunTime:0.0020s ]
INFO: [ before_view ] --START--
INFO: Run Common\Behavior\HyBeforeViewBehavior [ RunTime:0.016001s ]
INFO: [ before_view ] --END-- [ RunTime:0.018001s ]
INFO: [ view_parse ] --START--
INFO: [ template_filter ] --START--
INFO: Run Behavior\ContentReplaceBehavior [ RunTime:0.001000s ]
INFO: [ template_filter ] --END-- [ RunTime:0.002000s ]
INFO: Run Behavior\ParseTemplateBehavior [ RunTime:0.173010s ]
INFO: [ view_parse ] --END-- [ RunTime:0.174010s ]
INFO: [ view_filter ] --START--
INFO: Run Behavior\WriteHtmlCacheBehavior [ RunTime:0.012001s ]
INFO: [ view_filter ] --END-- [ RunTime:0.013001s ]
INFO: [ action_end ] --START--
INFO: Run Common\Behavior\HyLogBehavior [ RunTime:0.001000s ]
INFO: [ action_end ] --END-- [ RunTime:0.001000s ]
INFO: [ app_end ] --START--
INFO: Run Behavior\ShowPageTraceBehavior [ RunTime:0.009001s ]
INFO: [ app_end ] --END-- [ RunTime:0.010001s ]

[ 2016-10-04T21:59:53+08:00 ] ::1 /Marxism/Marxism/index.php/System/HyStart/favicon.ico
INFO: [ app_init ] --START--
INFO: Run Behavior\BuildLiteBehavior [ RunTime:0.000000s ]
INFO: [ app_init ] --END-- [ RunTime:0.002000s ]

[ 2016-10-04T22:00:04+08:00 ] ::1 /Marxism/Marxism/index.php/System/HyStart/login.html
INFO: [ app_init ] --START--
INFO: Run Behavior\BuildLiteBehavior [ RunTime:0.000000s ]
INFO: [ app_init ] --END-- [ RunTime:0.003000s ]
INFO: [ app_begin ] --START--
INFO: Run Behavior\ReadHtmlCacheBehavior [ RunTime:0.003001s ]
INFO: [ app_begin ] --END-- [ RunTime:0.004001s ]
NOTIC: [8192] mysql_connect(): The mysql extension is deprecated and will be removed in the future: use mysqli or PDO instead F:\PHP\wamp64\www\Marxism\Marxism\HomyitCore\Library\Think\Session\Driver\Db.class.php Á¨¨ 95 Ë°å.
INFO: [ action_begin ] --START--
INFO: Run Common\Behavior\HyLogBehavior [ RunTime:0.005001s ]
INFO: [ action_begin ] --END-- [ RunTime:0.006001s ]
NOTIC: [2048] Declaration of Common\Model\HyFrameModel::find() should be compatible with Think\Model::find($options = Array) F:\PHP\wamp64\www\Marxism\Marxism\Application\Common\Model\HyFrameModel.class.php Á¨¨ 13 Ë°å.
NOTIC: [8] Undefined index: model F:\PHP\wamp64\www\Marxism\Marxism\Application\Common\Controller\HyFrameController.class.php Á¨¨ 42 Ë°å.
SQL: SHOW COLUMNS FROM `mar_frame_setting` [ RunTime:0.1010s ]
SQL: SELECT `key`,`value` FROM `mar_frame_setting` WHERE `status` < 9  [ RunTime:0.0010s ]
INFO: [ before_view ] --START--
INFO: Run Common\Behavior\HyBeforeViewBehavior [ RunTime:0.003000s ]
INFO: [ before_view ] --END-- [ RunTime:0.004000s ]
INFO: [ view_parse ] --START--
INFO: [ template_filter ] --START--
INFO: Run Behavior\ContentReplaceBehavior [ RunTime:0.001000s ]
INFO: [ template_filter ] --END-- [ RunTime:0.001000s ]
INFO: Run Behavior\ParseTemplateBehavior [ RunTime:0.049003s ]
INFO: [ view_parse ] --END-- [ RunTime:0.049003s ]
INFO: [ view_filter ] --START--
INFO: Run Behavior\WriteHtmlCacheBehavior [ RunTime:0.004000s ]
INFO: [ view_filter ] --END-- [ RunTime:0.005000s ]
INFO: [ action_end ] --START--
INFO: Run Common\Behavior\HyLogBehavior [ RunTime:0.001000s ]
INFO: [ action_end ] --END-- [ RunTime:0.001000s ]
INFO: [ app_end ] --START--
INFO: Run Behavior\ShowPageTraceBehavior [ RunTime:0.003000s ]
INFO: [ app_end ] --END-- [ RunTime:0.004000s ]

[ 2016-10-04T22:00:06+08:00 ] ::1 /Marxism/Marxism/index.php/System/HyStart/ajax?q=login
INFO: [ app_init ] --START--
INFO: Run Behavior\BuildLiteBehavior [ RunTime:0.000000s ]
INFO: [ app_init ] --END-- [ RunTime:0.003000s ]
INFO: [ app_begin ] --START--
INFO: Run Behavior\ReadHtmlCacheBehavior [ RunTime:0.003000s ]
INFO: [ app_begin ] --END-- [ RunTime:0.004000s ]
NOTIC: [8192] mysql_connect(): The mysql extension is deprecated and will be removed in the future: use mysqli or PDO instead F:\PHP\wamp64\www\Marxism\Marxism\HomyitCore\Library\Think\Session\Driver\Db.class.php Á¨¨ 95 Ë°å.
INFO: [ action_begin ] --START--
INFO: Run Common\Behavior\HyLogBehavior [ RunTime:0.006001s ]
INFO: [ action_begin ] --END-- [ RunTime:0.007001s ]
NOTIC: [2048] Declaration of Common\Model\HyFrameModel::find() should be compatible with Think\Model::find($options = Array) F:\PHP\wamp64\www\Marxism\Marxism\Application\Common\Model\HyFrameModel.class.php Á¨¨ 13 Ë°å.
NOTIC: [8] Undefined index: model F:\PHP\wamp64\www\Marxism\Marxism\Application\Common\Controller\HyFrameController.class.php Á¨¨ 42 Ë°å.
NOTIC: [8] Undefined variable: logStep F:\PHP\wamp64\www\Marxism\Marxism\Application\System\Controller\HyStartController.class.php Á¨¨ 56 Ë°å.
SQL: SHOW COLUMNS FROM `mar_user` [ RunTime:0.8981s ]
NOTIC: [2] Missing argument 1 for Common\Model\HyFrameModel::find(), called in F:\PHP\wamp64\www\Marxism\Marxism\Application\Common\Model\HyAccountModel.class.php on line 25 and defined F:\PHP\wamp64\www\Marxism\Marxism\Application\Common\Model\HyFrameModel.class.php Á¨¨ 272 Ë°å.
NOTIC: [8] Undefined variable: options F:\PHP\wamp64\www\Marxism\Marxism\Application\Common\Model\HyFrameModel.class.php Á¨¨ 273 Ë°å.
NOTIC: [8] Undefined variable: options F:\PHP\wamp64\www\Marxism\Marxism\Application\Common\Model\HyFrameModel.class.php Á¨¨ 273 Ë°å.
SQL: SELECT `id`,`name`,`roles`,`user_no`,`password`,`sex`,`birth`,`phone`,`qq`,`email`,`country`,`session_id`,`login_last_time`,`login_times`,`status`,`english_name`,`admission_time` FROM `mar_user` WHERE `user_no` = '123' AND `status` = 1 LIMIT 1   [ RunTime:0.0010s ]
SQL: UPDATE `mar_user` SET `login_last_time`='1475589599',`login_times`='781',`session_id`='no1okhr2i3h7eg0fgacjup6r00' WHERE `id` = 18 [ RunTime:0.6200s ]
NOTIC: [8] Undefined index: avatar_file F:\PHP\wamp64\www\Marxism\Marxism\Application\System\Controller\HyStartController.class.php Á¨¨ 100 Ë°å.
NOTIC: [8] Undefined index: college_id F:\PHP\wamp64\www\Marxism\Marxism\Application\Common\Model\HyAccountModel.class.php Á¨¨ 55 Ë°å.
SQL: SHOW COLUMNS FROM `mar_frame_role` [ RunTime:1.3511s ]
SQL: SELECT `id`,`name`,`title`,`table` FROM `mar_frame_role` WHERE `status` = 1 AND `id` IN ('22','32','31')  [ RunTime:0.0120s ]
SQL: SHOW COLUMNS FROM `mar_user` [ RunTime:0.0020s ]
SQL: SHOW COLUMNS FROM `mar_frame_access` [ RunTime:0.9091s ]
SQL: SELECT `action_id`,`model` FROM `mar_frame_access` WHERE ( `role_id`=22 AND `status`=1 )  [ RunTime:0.3270s ]
SQL: SELECT `pid` FROM `mar_frame_role` WHERE ( `id`=22 AND `status`=1 ) LIMIT 1   [ RunTime:0.0010s ]
SQL: SELECT `action_id`,`model` FROM `mar_frame_access` WHERE ( `role_id`=10 AND `status`=1 )  [ RunTime:0.0010s ]
SQL: SELECT `pid` FROM `mar_frame_role` WHERE ( `id`=10 AND `status`=1 ) LIMIT 1   [ RunTime:0.0000s ]
SQL: SELECT `id`,`pid`,`type`,`title`,`name`,`options` FROM `mar_frame_action` WHERE `status`=1 AND `id` IN (100000,310000,610000,1100000,1100100,1100200,310406,310506,610100,610101,610106,610200,610201,610206,610300,610301,610306,1000000,1000100,1000101,1000102,1000103) ORDER BY `rank` DESC [ RunTime:1.2971s ]
SQL: SELECT `id`,`pid`,`type`,`title`,`name`,`options` FROM `mar_frame_action` WHERE `status`=1 AND `id` IN (100000,310000,610000,1100000,1100100,1100200,310406,310506,610100,610101,610106,610200,610201,610206,610300,610301,610306,1000000,1000100,1000101,1000102,1000103) ORDER BY `rank` DESC [ RunTime:0.0030s ]
SQL: SHOW COLUMNS FROM `mar_frame_log` [ RunTime:0.8410s ]
SQL: INSERT INTO `mar_frame_log` (`user_id`,`controller`,`action`,`post`,`description`,`ip`,`create_time`) VALUES ('18','HyStart','ajax','{\"u\":\"rS+nRBKBBYLFRjC0mTX8YA==1275865\",\"p\":\"\\/JnEVMeIMblUFb0C8PvrK\\/lNPdIJH9BBymVPUavfegrcsyI53M5h0\\/STG4Jv4Imc1662577\"}',' >> ÁôªÂΩïÈ™åËØÅ >> <span class=\'text-success\'>ÊàêÂäü</span>','0.0.0.0','1475589604') [ RunTime:0.2700s ]

[ 2016-10-04T22:00:11+08:00 ] ::1 /Marxism/Marxism/index.php/System/HyStart/ajax?q=login
INFO: [ app_init ] --START--
INFO: Run Behavior\BuildLiteBehavior [ RunTime:0.000000s ]
INFO: [ app_init ] --END-- [ RunTime:0.002000s ]
INFO: [ app_begin ] --START--
INFO: Run Behavior\ReadHtmlCacheBehavior [ RunTime:0.002000s ]
INFO: [ app_begin ] --END-- [ RunTime:0.003001s ]
NOTIC: [8192] mysql_connect(): The mysql extension is deprecated and will be removed in the future: use mysqli or PDO instead F:\PHP\wamp64\www\Marxism\Marxism\HomyitCore\Library\Think\Session\Driver\Db.class.php Á¨¨ 95 Ë°å.
INFO: [ action_begin ] --START--
INFO: Run Common\Behavior\HyLogBehavior [ RunTime:0.004001s ]
INFO: [ action_begin ] --END-- [ RunTime:0.004001s ]
NOTIC: [2048] Declaration of Common\Model\HyFrameModel::find() should be compatible with Think\Model::find($options = Array) F:\PHP\wamp64\www\Marxism\Marxism\Application\Common\Model\HyFrameModel.class.php Á¨¨ 13 Ë°å.
NOTIC: [8] Undefined index: model F:\PHP\wamp64\www\Marxism\Marxism\Application\Common\Controller\HyFrameController.class.php Á¨¨ 42 Ë°å.
NOTIC: [8] Undefined variable: logStep F:\PHP\wamp64\www\Marxism\Marxism\Application\System\Controller\HyStartController.class.php Á¨¨ 56 Ë°å.
SQL: SHOW COLUMNS FROM `mar_user` [ RunTime:0.0070s ]
NOTIC: [2] Missing argument 1 for Common\Model\HyFrameModel::find(), called in F:\PHP\wamp64\www\Marxism\Marxism\Application\Common\Model\HyAccountModel.class.php on line 25 and defined F:\PHP\wamp64\www\Marxism\Marxism\Application\Common\Model\HyFrameModel.class.php Á¨¨ 272 Ë°å.
NOTIC: [8] Undefined variable: options F:\PHP\wamp64\www\Marxism\Marxism\Application\Common\Model\HyFrameModel.class.php Á¨¨ 273 Ë°å.
NOTIC: [8] Undefined variable: options F:\PHP\wamp64\www\Marxism\Marxism\Application\Common\Model\HyFrameModel.class.php Á¨¨ 273 Ë°å.
SQL: SELECT `id`,`name`,`roles`,`user_no`,`password`,`sex`,`birth`,`phone`,`qq`,`email`,`country`,`session_id`,`login_last_time`,`login_times`,`status`,`english_name`,`admission_time` FROM `mar_user` WHERE `user_no` = '¸1l©Û§ÊG?0÷+Q\'∑' AND `status` = 1 LIMIT 1   [ RunTime:0.0760s ]

[ 2016-10-04T22:00:15+08:00 ] ::1 /Marxism/Marxism/index.php/System/HyStart/login.html
INFO: [ app_init ] --START--
INFO: Run Behavior\BuildLiteBehavior [ RunTime:0.000000s ]
INFO: [ app_init ] --END-- [ RunTime:0.004000s ]
INFO: [ app_begin ] --START--
INFO: Run Behavior\ReadHtmlCacheBehavior [ RunTime:0.002000s ]
INFO: [ app_begin ] --END-- [ RunTime:0.002000s ]
NOTIC: [8192] mysql_connect(): The mysql extension is deprecated and will be removed in the future: use mysqli or PDO instead F:\PHP\wamp64\www\Marxism\Marxism\HomyitCore\Library\Think\Session\Driver\Db.class.php Á¨¨ 95 Ë°å.
INFO: [ action_begin ] --START--
INFO: Run Common\Behavior\HyLogBehavior [ RunTime:0.002001s ]
INFO: [ action_begin ] --END-- [ RunTime:0.002001s ]
NOTIC: [2048] Declaration of Common\Model\HyFrameModel::find() should be compatible with Think\Model::find($options = Array) F:\PHP\wamp64\www\Marxism\Marxism\Application\Common\Model\HyFrameModel.class.php Á¨¨ 13 Ë°å.
NOTIC: [8] Undefined index: model F:\PHP\wamp64\www\Marxism\Marxism\Application\Common\Controller\HyFrameController.class.php Á¨¨ 42 Ë°å.
SQL: SHOW COLUMNS FROM `mar_user` [ RunTime:0.1170s ]
SQL: UPDATE `mar_user` SET `session_id`='' WHERE `id` = 18 [ RunTime:0.2990s ]
SQL: SHOW COLUMNS FROM `mar_frame_setting` [ RunTime:0.0040s ]
SQL: SELECT `key`,`value` FROM `mar_frame_setting` WHERE `status` < 9  [ RunTime:0.0010s ]
INFO: [ before_view ] --START--
INFO: Run Common\Behavior\HyBeforeViewBehavior [ RunTime:0.004000s ]
INFO: [ before_view ] --END-- [ RunTime:0.004000s ]
INFO: [ view_parse ] --START--
INFO: [ template_filter ] --START--
INFO: Run Behavior\ContentReplaceBehavior [ RunTime:0.001000s ]
INFO: [ template_filter ] --END-- [ RunTime:0.001000s ]
INFO: Run Behavior\ParseTemplateBehavior [ RunTime:0.044002s ]
INFO: [ view_parse ] --END-- [ RunTime:0.046002s ]
INFO: [ view_filter ] --START--
INFO: Run Behavior\WriteHtmlCacheBehavior [ RunTime:0.003001s ]
INFO: [ view_filter ] --END-- [ RunTime:0.004001s ]
INFO: [ action_end ] --START--
INFO: Run Common\Behavior\HyLogBehavior [ RunTime:0.000000s ]
INFO: [ action_end ] --END-- [ RunTime:0.002000s ]
INFO: [ app_end ] --START--
INFO: Run Behavior\ShowPageTraceBehavior [ RunTime:0.003000s ]
INFO: [ app_end ] --END-- [ RunTime:0.005000s ]

[ 2016-10-04T22:00:15+08:00 ] ::1 /Marxism/Marxism/index.php/System/HyStart/login.html
INFO: [ app_init ] --START--
INFO: Run Behavior\BuildLiteBehavior [ RunTime:0.001000s ]
INFO: [ app_init ] --END-- [ RunTime:0.002000s ]
INFO: [ app_begin ] --START--
INFO: Run Behavior\ReadHtmlCacheBehavior [ RunTime:0.001000s ]
INFO: [ app_begin ] --END-- [ RunTime:0.002000s ]
NOTIC: [8192] mysql_connect(): The mysql extension is deprecated and will be removed in the future: use mysqli or PDO instead F:\PHP\wamp64\www\Marxism\Marxism\HomyitCore\Library\Think\Session\Driver\Db.class.php Á¨¨ 95 Ë°å.
INFO: [ action_begin ] --START--
INFO: Run Common\Behavior\HyLogBehavior [ RunTime:0.007000s ]
INFO: [ action_begin ] --END-- [ RunTime:0.007000s ]
NOTIC: [2048] Declaration of Common\Model\HyFrameModel::find() should be compatible with Think\Model::find($options = Array) F:\PHP\wamp64\www\Marxism\Marxism\Application\Common\Model\HyFrameModel.class.php Á¨¨ 13 Ë°å.
NOTIC: [8] Undefined index: model F:\PHP\wamp64\www\Marxism\Marxism\Application\Common\Controller\HyFrameController.class.php Á¨¨ 42 Ë°å.
SQL: SHOW COLUMNS FROM `mar_user` [ RunTime:0.2220s ]
SQL: UPDATE `mar_user` SET `session_id`='' WHERE `id` = 18 [ RunTime:0.4220s ]
SQL: SHOW COLUMNS FROM `mar_frame_setting` [ RunTime:0.0240s ]
SQL: SELECT `key`,`value` FROM `mar_frame_setting` WHERE `status` < 9  [ RunTime:0.0010s ]
INFO: [ before_view ] --START--
INFO: Run Common\Behavior\HyBeforeViewBehavior [ RunTime:0.004000s ]
INFO: [ before_view ] --END-- [ RunTime:0.004000s ]
INFO: [ view_parse ] --START--
INFO: [ template_filter ] --START--
INFO: Run Behavior\ContentReplaceBehavior [ RunTime:0.001000s ]
INFO: [ template_filter ] --END-- [ RunTime:0.001000s ]
INFO: Run Behavior\ParseTemplateBehavior [ RunTime:0.046002s ]
INFO: [ view_parse ] --END-- [ RunTime:0.048002s ]
INFO: [ view_filter ] --START--
INFO: Run Behavior\WriteHtmlCacheBehavior [ RunTime:0.002000s ]
INFO: [ view_filter ] --END-- [ RunTime:0.003001s ]
INFO: [ action_end ] --START--
INFO: Run Common\Behavior\HyLogBehavior [ RunTime:0.000000s ]
INFO: [ action_end ] --END-- [ RunTime:0.001000s ]
INFO: [ app_end ] --START--
INFO: Run Behavior\ShowPageTraceBehavior [ RunTime:0.003000s ]
INFO: [ app_end ] --END-- [ RunTime:0.004000s ]

[ 2016-10-04T22:00:22+08:00 ] ::1 /Marxism/Marxism/index.php/System/HyStart/ajax?q=login
INFO: [ app_init ] --START--
INFO: Run Behavior\BuildLiteBehavior [ RunTime:0.000000s ]
INFO: [ app_init ] --END-- [ RunTime:0.003000s ]
INFO: [ app_begin ] --START--
INFO: Run Behavior\ReadHtmlCacheBehavior [ RunTime:0.002000s ]
INFO: [ app_begin ] --END-- [ RunTime:0.005000s ]
NOTIC: [8192] mysql_connect(): The mysql extension is deprecated and will be removed in the future: use mysqli or PDO instead F:\PHP\wamp64\www\Marxism\Marxism\HomyitCore\Library\Think\Session\Driver\Db.class.php Á¨¨ 95 Ë°å.
INFO: [ action_begin ] --START--
INFO: Run Common\Behavior\HyLogBehavior [ RunTime:0.003000s ]
INFO: [ action_begin ] --END-- [ RunTime:0.003000s ]
NOTIC: [2048] Declaration of Common\Model\HyFrameModel::find() should be compatible with Think\Model::find($options = Array) F:\PHP\wamp64\www\Marxism\Marxism\Application\Common\Model\HyFrameModel.class.php Á¨¨ 13 Ë°å.
NOTIC: [8] Undefined index: model F:\PHP\wamp64\www\Marxism\Marxism\Application\Common\Controller\HyFrameController.class.php Á¨¨ 42 Ë°å.
NOTIC: [8] Undefined variable: logStep F:\PHP\wamp64\www\Marxism\Marxism\Application\System\Controller\HyStartController.class.php Á¨¨ 56 Ë°å.
NOTIC: [2] mcrypt_decrypt(): Key of size 0 not supported by this algorithm. Only keys of sizes 16, 24 or 32 supported F:\PHP\wamp64\www\Marxism\Marxism\Application\Common\Common\hyframe.php Á¨¨ 260 Ë°å.
SQL: SHOW COLUMNS FROM `mar_user` [ RunTime:0.1610s ]
NOTIC: [2] Missing argument 1 for Common\Model\HyFrameModel::find(), called in F:\PHP\wamp64\www\Marxism\Marxism\Application\Common\Model\HyAccountModel.class.php on line 25 and defined F:\PHP\wamp64\www\Marxism\Marxism\Application\Common\Model\HyFrameModel.class.php Á¨¨ 272 Ë°å.
NOTIC: [8] Undefined variable: options F:\PHP\wamp64\www\Marxism\Marxism\Application\Common\Model\HyFrameModel.class.php Á¨¨ 273 Ë°å.
NOTIC: [8] Undefined variable: options F:\PHP\wamp64\www\Marxism\Marxism\Application\Common\Model\HyFrameModel.class.php Á¨¨ 273 Ë°å.
SQL: SELECT `id`,`name`,`roles`,`user_no`,`password`,`sex`,`birth`,`phone`,`qq`,`email`,`country`,`session_id`,`login_last_time`,`login_times`,`status`,`english_name`,`admission_time` FROM `mar_user` WHERE `user_no` = '' AND `status` = 1 LIMIT 1   [ RunTime:0.0010s ]

[ 2016-10-04T22:00:36+08:00 ] ::1 /Marxism/Marxism/index.php/System/HyStart/login.html
INFO: [ app_init ] --START--
INFO: Run Behavior\BuildLiteBehavior [ RunTime:0.000000s ]
INFO: [ app_init ] --END-- [ RunTime:0.005000s ]
INFO: [ app_begin ] --START--
INFO: Run Behavior\ReadHtmlCacheBehavior [ RunTime:0.004000s ]
INFO: [ app_begin ] --END-- [ RunTime:0.004000s ]
NOTIC: [8192] mysql_connect(): The mysql extension is deprecated and will be removed in the future: use mysqli or PDO instead F:\PHP\wamp64\www\Marxism\Marxism\HomyitCore\Library\Think\Session\Driver\Db.class.php Á¨¨ 95 Ë°å.
INFO: [ action_begin ] --START--
INFO: Run Common\Behavior\HyLogBehavior [ RunTime:0.004000s ]
INFO: [ action_begin ] --END-- [ RunTime:0.005000s ]
NOTIC: [2048] Declaration of Common\Model\HyFrameModel::find() should be compatible with Think\Model::find($options = Array) F:\PHP\wamp64\www\Marxism\Marxism\Application\Common\Model\HyFrameModel.class.php Á¨¨ 13 Ë°å.
NOTIC: [8] Undefined index: model F:\PHP\wamp64\www\Marxism\Marxism\Application\Common\Controller\HyFrameController.class.php Á¨¨ 42 Ë°å.
SQL: SHOW COLUMNS FROM `mar_frame_setting` [ RunTime:0.0340s ]
SQL: SELECT `key`,`value` FROM `mar_frame_setting` WHERE `status` < 9  [ RunTime:0.0010s ]
INFO: [ before_view ] --START--
INFO: Run Common\Behavior\HyBeforeViewBehavior [ RunTime:0.003000s ]
INFO: [ before_view ] --END-- [ RunTime:0.004000s ]
INFO: [ view_parse ] --START--
INFO: [ template_filter ] --START--
INFO: Run Behavior\ContentReplaceBehavior [ RunTime:0.000000s ]
INFO: [ template_filter ] --END-- [ RunTime:0.002000s ]
INFO: Run Behavior\ParseTemplateBehavior [ RunTime:0.043003s ]
INFO: [ view_parse ] --END-- [ RunTime:0.044003s ]
INFO: [ view_filter ] --START--
INFO: Run Behavior\WriteHtmlCacheBehavior [ RunTime:0.003000s ]
INFO: [ view_filter ] --END-- [ RunTime:0.004000s ]
INFO: [ action_end ] --START--
INFO: Run Common\Behavior\HyLogBehavior [ RunTime:0.000000s ]
INFO: [ action_end ] --END-- [ RunTime:0.002000s ]
INFO: [ app_end ] --START--
INFO: Run Behavior\ShowPageTraceBehavior [ RunTime:0.004000s ]
INFO: [ app_end ] --END-- [ RunTime:0.006001s ]

[ 2016-10-04T22:00:44+08:00 ] ::1 /Marxism/Marxism/index.php/System/HyStart/ajax?q=login
INFO: [ app_init ] --START--
INFO: Run Behavior\BuildLiteBehavior [ RunTime:0.001000s ]
INFO: [ app_init ] --END-- [ RunTime:0.002000s ]
INFO: [ app_begin ] --START--
INFO: Run Behavior\ReadHtmlCacheBehavior [ RunTime:0.002000s ]
INFO: [ app_begin ] --END-- [ RunTime:0.003000s ]
NOTIC: [8192] mysql_connect(): The mysql extension is deprecated and will be removed in the future: use mysqli or PDO instead F:\PHP\wamp64\www\Marxism\Marxism\HomyitCore\Library\Think\Session\Driver\Db.class.php Á¨¨ 95 Ë°å.
INFO: [ action_begin ] --START--
INFO: Run Common\Behavior\HyLogBehavior [ RunTime:0.003000s ]
INFO: [ action_begin ] --END-- [ RunTime:0.003000s ]
NOTIC: [2048] Declaration of Common\Model\HyFrameModel::find() should be compatible with Think\Model::find($options = Array) F:\PHP\wamp64\www\Marxism\Marxism\Application\Common\Model\HyFrameModel.class.php Á¨¨ 13 Ë°å.
NOTIC: [8] Undefined index: model F:\PHP\wamp64\www\Marxism\Marxism\Application\Common\Controller\HyFrameController.class.php Á¨¨ 42 Ë°å.
NOTIC: [8] Undefined variable: logStep F:\PHP\wamp64\www\Marxism\Marxism\Application\System\Controller\HyStartController.class.php Á¨¨ 56 Ë°å.
SQL: SHOW COLUMNS FROM `mar_user` [ RunTime:0.0250s ]
NOTIC: [2] Missing argument 1 for Common\Model\HyFrameModel::find(), called in F:\PHP\wamp64\www\Marxism\Marxism\Application\Common\Model\HyAccountModel.class.php on line 25 and defined F:\PHP\wamp64\www\Marxism\Marxism\Application\Common\Model\HyFrameModel.class.php Á¨¨ 272 Ë°å.
NOTIC: [8] Undefined variable: options F:\PHP\wamp64\www\Marxism\Marxism\Application\Common\Model\HyFrameModel.class.php Á¨¨ 273 Ë°å.
NOTIC: [8] Undefined variable: options F:\PHP\wamp64\www\Marxism\Marxism\Application\Common\Model\HyFrameModel.class.php Á¨¨ 273 Ë°å.
SQL: SELECT `id`,`name`,`roles`,`user_no`,`password`,`sex`,`birth`,`phone`,`qq`,`email`,`country`,`session_id`,`login_last_time`,`login_times`,`status`,`english_name`,`admission_time` FROM `mar_user` WHERE `user_no` = '123' AND `status` = 1 LIMIT 1   [ RunTime:0.0010s ]
SQL: UPDATE `mar_user` SET `login_last_time`='1475589643',`login_times`='782',`session_id`='no1okhr2i3h7eg0fgacjup6r00' WHERE `id` = 18 [ RunTime:0.5580s ]
NOTIC: [8] Undefined index: avatar_file F:\PHP\wamp64\www\Marxism\Marxism\Application\System\Controller\HyStartController.class.php Á¨¨ 100 Ë°å.
NOTIC: [8] Undefined index: college_id F:\PHP\wamp64\www\Marxism\Marxism\Application\Common\Model\HyAccountModel.class.php Á¨¨ 55 Ë°å.
SQL: SHOW COLUMNS FROM `mar_frame_role` [ RunTime:0.0500s ]
SQL: SELECT `id`,`name`,`title`,`table` FROM `mar_frame_role` WHERE `status` = 1 AND `id` IN ('22','32','31')  [ RunTime:0.0010s ]
SQL: SHOW COLUMNS FROM `mar_user` [ RunTime:0.0020s ]
SQL: SHOW COLUMNS FROM `mar_frame_access` [ RunTime:0.0030s ]
SQL: SELECT `action_id`,`model` FROM `mar_frame_access` WHERE ( `role_id`=22 AND `status`=1 )  [ RunTime:0.0020s ]
SQL: SELECT `pid` FROM `mar_frame_role` WHERE ( `id`=22 AND `status`=1 ) LIMIT 1   [ RunTime:0.0020s ]
SQL: SELECT `action_id`,`model` FROM `mar_frame_access` WHERE ( `role_id`=10 AND `status`=1 )  [ RunTime:0.0010s ]
SQL: SELECT `pid` FROM `mar_frame_role` WHERE ( `id`=10 AND `status`=1 ) LIMIT 1   [ RunTime:0.0010s ]
SQL: SELECT `id`,`pid`,`type`,`title`,`name`,`options` FROM `mar_frame_action` WHERE `status`=1 AND `id` IN (100000,310000,610000,1100000,1100100,1100200,310406,310506,610100,610101,610106,610200,610201,610206,610300,610301,610306,1000000,1000100,1000101,1000102,1000103) ORDER BY `rank` DESC [ RunTime:0.0030s ]
SQL: SELECT `id`,`pid`,`type`,`title`,`name`,`options` FROM `mar_frame_action` WHERE `status`=1 AND `id` IN (100000,310000,610000,1100000,1100100,1100200,310406,310506,610100,610101,610106,610200,610201,610206,610300,610301,610306,1000000,1000100,1000101,1000102,1000103) ORDER BY `rank` DESC [ RunTime:0.0020s ]
SQL: SHOW COLUMNS FROM `mar_frame_log` [ RunTime:0.0030s ]
SQL: INSERT INTO `mar_frame_log` (`user_id`,`controller`,`action`,`post`,`description`,`ip`,`create_time`) VALUES ('18','HyStart','ajax','{\"u\":\"OUFBC\\/6A09+fyCfnFYIGLw==8643266\",\"p\":\"wl7Ib\\/39lI53PhFPmlLcSJaM9wXyA3RHnAgetAzDBu9SIvSccmB45Hv7ekU5Vb7W7630910\"}',' >> ÁôªÂΩïÈ™åËØÅ >> <span class=\'text-success\'>ÊàêÂäü</span>','0.0.0.0','1475589644') [ RunTime:0.0010s ]

[ 2016-10-04T22:00:46+08:00 ] ::1 /Marxism/Marxism/index.php/System/Index/index
INFO: [ app_init ] --START--
INFO: Run Behavior\BuildLiteBehavior [ RunTime:0.000000s ]
INFO: [ app_init ] --END-- [ RunTime:0.004000s ]
INFO: [ app_begin ] --START--
INFO: Run Behavior\ReadHtmlCacheBehavior [ RunTime:0.002000s ]
INFO: [ app_begin ] --END-- [ RunTime:0.002000s ]
NOTIC: [8192] mysql_connect(): The mysql extension is deprecated and will be removed in the future: use mysqli or PDO instead F:\PHP\wamp64\www\Marxism\Marxism\HomyitCore\Library\Think\Session\Driver\Db.class.php Á¨¨ 95 Ë°å.
INFO: [ action_begin ] --START--
INFO: Run Common\Behavior\HyLogBehavior [ RunTime:0.003000s ]
INFO: [ action_begin ] --END-- [ RunTime:0.003000s ]
NOTIC: [2048] Declaration of Common\Model\HyFrameModel::find() should be compatible with Think\Model::find($options = Array) F:\PHP\wamp64\www\Marxism\Marxism\Application\Common\Model\HyFrameModel.class.php Á¨¨ 13 Ë°å.
NOTIC: [8] Undefined index: model F:\PHP\wamp64\www\Marxism\Marxism\Application\Common\Controller\HyFrameController.class.php Á¨¨ 42 Ë°å.
SQL: SHOW COLUMNS FROM `mar_frame_log` [ RunTime:0.0290s ]
SQL: SELECT `create_time` FROM `mar_frame_log` WHERE `user_id` = 18 AND `status` = 1 AND `controller` = 'HyStart' AND `action` = 'ajax' AND `description` LIKE '%ÊàêÂäü%' ORDER BY id desc LIMIT 2   [ RunTime:0.1200s ]
SQL: SHOW COLUMNS FROM `mar_frame_notice` [ RunTime:0.1230s ]
NOTIC: [8] Undefined index: associate F:\PHP\wamp64\www\Marxism\Marxism\Application\Common\Model\HyFrameModel.class.php Á¨¨ 142 Ë°å.
NOTIC: [8] Undefined index: order F:\PHP\wamp64\www\Marxism\Marxism\Application\Common\Model\HyFrameModel.class.php Á¨¨ 163 Ë°å.
NOTIC: [8] Undefined variable: field F:\PHP\wamp64\www\Marxism\Marxism\Application\Common\Model\HyFrameModel.class.php Á¨¨ 182 Ë°å.
NOTIC: [8] Undefined index: where F:\PHP\wamp64\www\Marxism\Marxism\Application\Common\Model\HyFrameModel.class.php Á¨¨ 190 Ë°å.
NOTIC: [8] Undefined index: decrypt F:\PHP\wamp64\www\Marxism\Marxism\Application\Common\Model\HyFrameModel.class.php Á¨¨ 242 Ë°å.
NOTIC: [8] Undefined index: scope F:\PHP\wamp64\www\Marxism\Marxism\Application\Common\Model\HyFrameModel.class.php Á¨¨ 248 Ë°å.
NOTIC: [8] Undefined index: count F:\PHP\wamp64\www\Marxism\Marxism\Application\Common\Model\HyFrameModel.class.php Á¨¨ 249 Ë°å.
NOTIC: [8] Undefined index: find F:\PHP\wamp64\www\Marxism\Marxism\Application\Common\Model\HyFrameModel.class.php Á¨¨ 255 Ë°å.
SQL: SELECT `id`,`title`,`content`,`creator_id`,`file_id`,`create_time`,`update_time`,`status` FROM `mar_frame_notice` WHERE `status` = 1 ORDER BY id desc LIMIT 5   [ RunTime:0.0010s ]
INFO: [ before_view ] --START--
SQL: SHOW COLUMNS FROM `mar_frame_alert` [ RunTime:0.1380s ]
SQL: SELECT `id`,`category`,`icon`,`message`,`url`,`type`,`create_time` FROM `mar_frame_alert` where `to_users` LIKE '%,18,%' AND ( IFNULL(`read_users`,'')='' OR `read_users` NOT LIKE '%,18,%') AND `status`=1 ORDER BY `id` DESC [ RunTime:0.0490s ]
INFO: Run Common\Behavior\HyBeforeViewBehavior [ RunTime:0.236014s ]
INFO: [ before_view ] --END-- [ RunTime:0.237014s ]
INFO: [ view_parse ] --START--
INFO: [ template_filter ] --START--
INFO: Run Behavior\ContentReplaceBehavior [ RunTime:0.001000s ]
INFO: [ template_filter ] --END-- [ RunTime:0.002000s ]
INFO: Run Behavior\ParseTemplateBehavior [ RunTime:0.168009s ]
INFO: [ view_parse ] --END-- [ RunTime:0.168009s ]
INFO: [ view_filter ] --START--
INFO: Run Behavior\WriteHtmlCacheBehavior [ RunTime:0.001000s ]
INFO: [ view_filter ] --END-- [ RunTime:0.002000s ]
INFO: [ action_end ] --START--
INFO: Run Common\Behavior\HyLogBehavior [ RunTime:0.001000s ]
INFO: [ action_end ] --END-- [ RunTime:0.001000s ]
INFO: [ app_end ] --START--
INFO: Run Behavior\ShowPageTraceBehavior [ RunTime:0.003000s ]
INFO: [ app_end ] --END-- [ RunTime:0.004000s ]

[ 2016-10-04T22:00:52+08:00 ] ::1 /Marxism/Marxism/index.php/System/Index/favicon.ico
INFO: [ app_init ] --START--
INFO: Run Behavior\BuildLiteBehavior [ RunTime:0.001000s ]
INFO: [ app_init ] --END-- [ RunTime:0.003000s ]

[ 2016-10-04T22:00:52+08:00 ] ::1 /Marxism/Marxism/index.php/System/HyChat/ajax?q=list
INFO: [ app_init ] --START--
INFO: Run Behavior\BuildLiteBehavior [ RunTime:0.001000s ]
INFO: [ app_init ] --END-- [ RunTime:0.002000s ]
INFO: [ app_begin ] --START--
INFO: Run Behavior\ReadHtmlCacheBehavior [ RunTime:0.002000s ]
INFO: [ app_begin ] --END-- [ RunTime:0.002000s ]
NOTIC: [8192] mysql_connect(): The mysql extension is deprecated and will be removed in the future: use mysqli or PDO instead F:\PHP\wamp64\www\Marxism\Marxism\HomyitCore\Library\Think\Session\Driver\Db.class.php Á¨¨ 95 Ë°å.
INFO: [ action_begin ] --START--
INFO: Run Common\Behavior\HyLogBehavior [ RunTime:0.004000s ]
INFO: [ action_begin ] --END-- [ RunTime:0.004000s ]
NOTIC: [2048] Declaration of Common\Model\HyFrameModel::find() should be compatible with Think\Model::find($options = Array) F:\PHP\wamp64\www\Marxism\Marxism\Application\Common\Model\HyFrameModel.class.php Á¨¨ 13 Ë°å.
NOTIC: [8] Undefined index: model F:\PHP\wamp64\www\Marxism\Marxism\Application\Common\Controller\HyFrameController.class.php Á¨¨ 42 Ë°å.
ERR: SQLSTATE[42S02]: Base table or view not found: 1146 Table 'marxism_project.mar_frame_chat' doesn't exist

[ 2016-10-04T22:01:34+08:00 ] ::1 /Marxism/Marxism/index.php/System/HyStart/switchs/role/encrypt_act-gc6IgaU9To7NLSJdLIwiY5MGe_hhgdEg9zOCRYQSaL2ScVlBjfoDlgaNdws_MWsGo3Ws28G4XeVY0buHEoV3gA.html
INFO: [ app_init ] --START--
INFO: Run Behavior\BuildLiteBehavior [ RunTime:0.000000s ]
INFO: [ app_init ] --END-- [ RunTime:0.003001s ]
INFO: [ app_begin ] --START--
INFO: Run Behavior\ReadHtmlCacheBehavior [ RunTime:0.002000s ]
INFO: [ app_begin ] --END-- [ RunTime:0.003000s ]
NOTIC: [8192] mysql_connect(): The mysql extension is deprecated and will be removed in the future: use mysqli or PDO instead F:\PHP\wamp64\www\Marxism\Marxism\HomyitCore\Library\Think\Session\Driver\Db.class.php Á¨¨ 95 Ë°å.
INFO: [ action_begin ] --START--
INFO: Run Common\Behavior\HyLogBehavior [ RunTime:0.003000s ]
INFO: [ action_begin ] --END-- [ RunTime:0.004000s ]
NOTIC: [2048] Declaration of Common\Model\HyFrameModel::find() should be compatible with Think\Model::find($options = Array) F:\PHP\wamp64\www\Marxism\Marxism\Application\Common\Model\HyFrameModel.class.php Á¨¨ 13 Ë°å.
NOTIC: [8] Undefined index: model F:\PHP\wamp64\www\Marxism\Marxism\Application\Common\Controller\HyFrameController.class.php Á¨¨ 42 Ë°å.
SQL: SHOW COLUMNS FROM `mar_frame_role` [ RunTime:0.0290s ]
SQL: SELECT `id`,`name`,`title`,`table` FROM `mar_frame_role` WHERE `status` = 1 AND `id` IN ('22','32','31')  [ RunTime:0.0010s ]
SQL: SHOW COLUMNS FROM `mar_user` [ RunTime:0.0070s ]
SQL: SHOW COLUMNS FROM `mar_frame_access` [ RunTime:0.0030s ]
SQL: SELECT `action_id`,`model` FROM `mar_frame_access` WHERE ( `role_id`=32 AND `status`=1 )  [ RunTime:0.0120s ]
SQL: SELECT `pid` FROM `mar_frame_role` WHERE ( `id`=32 AND `status`=1 ) LIMIT 1   [ RunTime:0.0010s ]
SQL: SELECT `action_id`,`model` FROM `mar_frame_access` WHERE ( `role_id`=31 AND `status`=1 )  [ RunTime:0.0020s ]
SQL: SELECT `pid` FROM `mar_frame_role` WHERE ( `id`=31 AND `status`=1 ) LIMIT 1   [ RunTime:0.0010s ]
SQL: SELECT `action_id`,`model` FROM `mar_frame_access` WHERE ( `role_id`=10 AND `status`=1 )  [ RunTime:0.0010s ]
SQL: SELECT `pid` FROM `mar_frame_role` WHERE ( `id`=10 AND `status`=1 ) LIMIT 1   [ RunTime:0.0010s ]
SQL: SELECT `id`,`pid`,`type`,`title`,`name`,`options` FROM `mar_frame_action` WHERE `status`=1 AND `id` IN (100000,310000,610000,1100000,1100100,1100200,210200,210201,210102,210103,210104,210105,4,210202,210203,210204,210205,2,3,610103,610104,610105,1,610202,610203,610204,610205,210101,610302,610303,610304,610305,210100,210000,420302,420303,420304,420305,310100,610100,610101,610102,610200,610201,610300,610301,420300,420301,210206,610106,610206,610306,420306,1000000,1000100,1000101,1000102,1000103,420106,810100,410106,810203,810102,810000,710000,710100,710101,710102,710103,710104,710105,810101,810204,810205,810206,810300,810301,810302,810303,810304,810305,810306,810103,810104,810202,210207,810201,810200,810106,810105,410000,410100,410101,410102,410103,410104,410105) ORDER BY `rank` DESC [ RunTime:0.0060s ]
SQL: SELECT `id`,`pid`,`type`,`title`,`name`,`options` FROM `mar_frame_action` WHERE `status`=1 AND `id` IN (100000,310000,610000,1100000,1100100,1100200,210200,210201,210102,210103,210104,210105,4,210202,210203,210204,210205,2,3,610103,610104,610105,1,610202,610203,610204,610205,210101,610302,610303,610304,610305,210100,210000,420302,420303,420304,420305,310100,610100,610101,610102,610200,610201,610300,610301,420300,420301,210206,610106,610206,610306,420306,1000000,1000100,1000101,1000102,1000103,420106,810100,410106,810203,810102,810000,710000,710100,710101,710102,710103,710104,710105,810101,810204,810205,810206,810300,810301,810302,810303,810304,810305,810306,810103,810104,810202,210207,810201,810200,810106,810105,410000,410100,410101,410102,410103,410104,410105) ORDER BY `rank` DESC [ RunTime:0.0040s ]
SQL: SELECT `id`,`pid`,`type`,`title`,`name`,`options` FROM `mar_frame_action` WHERE `status`=1 AND `id` IN (100000,310000,610000,1100000,1100100,1100200,210200,210201,210102,210103,210104,210105,4,210202,210203,210204,210205,2,3,610103,610104,610105,1,610202,610203,610204,610205,210101,610302,610303,610304,610305,210100,210000,420302,420303,420304,420305,310100,610100,610101,610102,610200,610201,610300,610301,420300,420301,210206,610106,610206,610306,420306,1000000,1000100,1000101,1000102,1000103,420106,810100,410106,810203,810102,810000,710000,710100,710101,710102,710103,710104,710105,810101,810204,810205,810206,810300,810301,810302,810303,810304,810305,810306,810103,810104,810202,210207,810201,810200,810106,810105,410000,410100,410101,410102,410103,410104,410105) ORDER BY `rank` DESC [ RunTime:0.0040s ]

[ 2016-10-04T22:01:35+08:00 ] ::1 /Marxism/Marxism/index.php/System/Index/index.html
INFO: [ app_init ] --START--
INFO: Run Behavior\BuildLiteBehavior [ RunTime:0.000000s ]
INFO: [ app_init ] --END-- [ RunTime:0.002000s ]
INFO: [ app_begin ] --START--
INFO: Run Behavior\ReadHtmlCacheBehavior [ RunTime:0.005000s ]
INFO: [ app_begin ] --END-- [ RunTime:0.006000s ]
NOTIC: [8192] mysql_connect(): The mysql extension is deprecated and will be removed in the future: use mysqli or PDO instead F:\PHP\wamp64\www\Marxism\Marxism\HomyitCore\Library\Think\Session\Driver\Db.class.php Á¨¨ 95 Ë°å.
INFO: [ action_begin ] --START--
INFO: Run Common\Behavior\HyLogBehavior [ RunTime:0.003000s ]
INFO: [ action_begin ] --END-- [ RunTime:0.004000s ]
NOTIC: [2048] Declaration of Common\Model\HyFrameModel::find() should be compatible with Think\Model::find($options = Array) F:\PHP\wamp64\www\Marxism\Marxism\Application\Common\Model\HyFrameModel.class.php Á¨¨ 13 Ë°å.
NOTIC: [8] Undefined index: model F:\PHP\wamp64\www\Marxism\Marxism\Application\Common\Controller\HyFrameController.class.php Á¨¨ 42 Ë°å.
SQL: SHOW COLUMNS FROM `mar_frame_log` [ RunTime:0.0170s ]
SQL: SELECT `create_time` FROM `mar_frame_log` WHERE `user_id` = 18 AND `status` = 1 AND `controller` = 'HyStart' AND `action` = 'ajax' AND `description` LIKE '%ÊàêÂäü%' ORDER BY id desc LIMIT 2   [ RunTime:0.0030s ]
SQL: SHOW COLUMNS FROM `mar_frame_notice` [ RunTime:0.0070s ]
NOTIC: [8] Undefined index: associate F:\PHP\wamp64\www\Marxism\Marxism\Application\Common\Model\HyFrameModel.class.php Á¨¨ 142 Ë°å.
NOTIC: [8] Undefined index: order F:\PHP\wamp64\www\Marxism\Marxism\Application\Common\Model\HyFrameModel.class.php Á¨¨ 163 Ë°å.
NOTIC: [8] Undefined variable: field F:\PHP\wamp64\www\Marxism\Marxism\Application\Common\Model\HyFrameModel.class.php Á¨¨ 182 Ë°å.
NOTIC: [8] Undefined index: where F:\PHP\wamp64\www\Marxism\Marxism\Application\Common\Model\HyFrameModel.class.php Á¨¨ 190 Ë°å.
NOTIC: [8] Undefined index: decrypt F:\PHP\wamp64\www\Marxism\Marxism\Application\Common\Model\HyFrameModel.class.php Á¨¨ 242 Ë°å.
NOTIC: [8] Undefined index: scope F:\PHP\wamp64\www\Marxism\Marxism\Application\Common\Model\HyFrameModel.class.php Á¨¨ 248 Ë°å.
NOTIC: [8] Undefined index: count F:\PHP\wamp64\www\Marxism\Marxism\Application\Common\Model\HyFrameModel.class.php Á¨¨ 249 Ë°å.
NOTIC: [8] Undefined index: find F:\PHP\wamp64\www\Marxism\Marxism\Application\Common\Model\HyFrameModel.class.php Á¨¨ 255 Ë°å.
SQL: SELECT `id`,`title`,`content`,`creator_id`,`file_id`,`create_time`,`update_time`,`status` FROM `mar_frame_notice` WHERE `status` = 1 ORDER BY id desc LIMIT 5   [ RunTime:0.0020s ]
INFO: [ before_view ] --START--
SQL: SHOW COLUMNS FROM `mar_frame_alert` [ RunTime:0.0070s ]
SQL: SELECT `id`,`category`,`icon`,`message`,`url`,`type`,`create_time` FROM `mar_frame_alert` where `to_users` LIKE '%,18,%' AND ( IFNULL(`read_users`,'')='' OR `read_users` NOT LIKE '%,18,%') AND `status`=1 ORDER BY `id` DESC [ RunTime:0.0010s ]
INFO: Run Common\Behavior\HyBeforeViewBehavior [ RunTime:0.020001s ]
INFO: [ before_view ] --END-- [ RunTime:0.021001s ]
INFO: [ view_parse ] --START--
INFO: [ template_filter ] --START--
INFO: Run Behavior\ContentReplaceBehavior [ RunTime:0.002000s ]
INFO: [ template_filter ] --END-- [ RunTime:0.002000s ]
INFO: Run Behavior\ParseTemplateBehavior [ RunTime:0.131008s ]
INFO: [ view_parse ] --END-- [ RunTime:0.132008s ]
INFO: [ view_filter ] --START--
INFO: Run Behavior\WriteHtmlCacheBehavior [ RunTime:0.002000s ]
INFO: [ view_filter ] --END-- [ RunTime:0.003000s ]
INFO: [ action_end ] --START--
INFO: Run Common\Behavior\HyLogBehavior [ RunTime:0.000000s ]
INFO: [ action_end ] --END-- [ RunTime:0.000000s ]
INFO: [ app_end ] --START--
INFO: Run Behavior\ShowPageTraceBehavior [ RunTime:0.003000s ]
INFO: [ app_end ] --END-- [ RunTime:0.004000s ]

[ 2016-10-04T22:01:36+08:00 ] ::1 /Marxism/Marxism/index.php/System/HyChat/ajax?q=list
INFO: [ app_init ] --START--
INFO: Run Behavior\BuildLiteBehavior [ RunTime:0.000000s ]
INFO: [ app_init ] --END-- [ RunTime:0.004000s ]
INFO: [ app_begin ] --START--
INFO: Run Behavior\ReadHtmlCacheBehavior [ RunTime:0.001000s ]
INFO: [ app_begin ] --END-- [ RunTime:0.002000s ]
NOTIC: [8192] mysql_connect(): The mysql extension is deprecated and will be removed in the future: use mysqli or PDO instead F:\PHP\wamp64\www\Marxism\Marxism\HomyitCore\Library\Think\Session\Driver\Db.class.php Á¨¨ 95 Ë°å.
INFO: [ action_begin ] --START--
INFO: Run Common\Behavior\HyLogBehavior [ RunTime:0.002000s ]
INFO: [ action_begin ] --END-- [ RunTime:0.002000s ]
NOTIC: [2048] Declaration of Common\Model\HyFrameModel::find() should be compatible with Think\Model::find($options = Array) F:\PHP\wamp64\www\Marxism\Marxism\Application\Common\Model\HyFrameModel.class.php Á¨¨ 13 Ë°å.
NOTIC: [8] Undefined index: model F:\PHP\wamp64\www\Marxism\Marxism\Application\Common\Controller\HyFrameController.class.php Á¨¨ 42 Ë°å.
ERR: SQLSTATE[42S02]: Base table or view not found: 1146 Table 'marxism_project.mar_frame_chat' doesn't exist

[ 2016-10-04T22:02:36+08:00 ] ::1 /Marxism/Marxism/index.php/System/HyStart/online?keepTry=JSLRYLu9BnWtLt02pkhJB1XwBIMRl7BemM%2Fqg9Wmaug%3D3531950
INFO: [ app_init ] --START--
INFO: Run Behavior\BuildLiteBehavior [ RunTime:0.000000s ]
INFO: [ app_init ] --END-- [ RunTime:0.004000s ]
INFO: [ app_begin ] --START--
INFO: Run Behavior\ReadHtmlCacheBehavior [ RunTime:0.003000s ]
INFO: [ app_begin ] --END-- [ RunTime:0.004000s ]
NOTIC: [8192] mysql_connect(): The mysql extension is deprecated and will be removed in the future: use mysqli or PDO instead F:\PHP\wamp64\www\Marxism\Marxism\HomyitCore\Library\Think\Session\Driver\Db.class.php Á¨¨ 95 Ë°å.
INFO: [ action_begin ] --START--
INFO: Run Common\Behavior\HyLogBehavior [ RunTime:0.004000s ]
INFO: [ action_begin ] --END-- [ RunTime:0.005000s ]
NOTIC: [2048] Declaration of Common\Model\HyFrameModel::find() should be compatible with Think\Model::find($options = Array) F:\PHP\wamp64\www\Marxism\Marxism\Application\Common\Model\HyFrameModel.class.php Á¨¨ 13 Ë°å.
NOTIC: [8] Undefined index: model F:\PHP\wamp64\www\Marxism\Marxism\Application\Common\Controller\HyFrameController.class.php Á¨¨ 42 Ë°å.

[ 2016-10-04T22:03:36+08:00 ] ::1 /Marxism/Marxism/index.php/System/HyStart/online?keepTry=yuUJUynX%2B51LCl4UQsE%2BPy9uNmLPMxZUhS9QNAwRvwc%3D9141227
INFO: [ app_init ] --START--
INFO: Run Behavior\BuildLiteBehavior [ RunTime:0.001000s ]
INFO: [ app_init ] --END-- [ RunTime:0.002001s ]
INFO: [ app_begin ] --START--
INFO: Run Behavior\ReadHtmlCacheBehavior [ RunTime:0.002000s ]
INFO: [ app_begin ] --END-- [ RunTime:0.002000s ]
NOTIC: [8192] mysql_connect(): The mysql extension is deprecated and will be removed in the future: use mysqli or PDO instead F:\PHP\wamp64\www\Marxism\Marxism\HomyitCore\Library\Think\Session\Driver\Db.class.php Á¨¨ 95 Ë°å.
INFO: [ action_begin ] --START--
INFO: Run Common\Behavior\HyLogBehavior [ RunTime:0.003000s ]
INFO: [ action_begin ] --END-- [ RunTime:0.004000s ]
NOTIC: [2048] Declaration of Common\Model\HyFrameModel::find() should be compatible with Think\Model::find($options = Array) F:\PHP\wamp64\www\Marxism\Marxism\Application\Common\Model\HyFrameModel.class.php Á¨¨ 13 Ë°å.
NOTIC: [8] Undefined index: model F:\PHP\wamp64\www\Marxism\Marxism\Application\Common\Controller\HyFrameController.class.php Á¨¨ 42 Ë°å.

[ 2016-10-04T22:04:36+08:00 ] ::1 /Marxism/Marxism/index.php/System/HyStart/online?keepTry=r9PNbkXrEpVqDLZdcxLO7qX4XQfI4YJK9AlztWnHzAs%3D1981570
INFO: [ app_init ] --START--
INFO: Run Behavior\BuildLiteBehavior [ RunTime:0.000000s ]
INFO: [ app_init ] --END-- [ RunTime:0.002000s ]
INFO: [ app_begin ] --START--
INFO: Run Behavior\ReadHtmlCacheBehavior [ RunTime:0.003000s ]
INFO: [ app_begin ] --END-- [ RunTime:0.003000s ]
NOTIC: [8192] mysql_connect(): The mysql extension is deprecated and will be removed in the future: use mysqli or PDO instead F:\PHP\wamp64\www\Marxism\Marxism\HomyitCore\Library\Think\Session\Driver\Db.class.php Á¨¨ 95 Ë°å.
INFO: [ action_begin ] --START--
INFO: Run Common\Behavior\HyLogBehavior [ RunTime:0.004000s ]
INFO: [ action_begin ] --END-- [ RunTime:0.004000s ]
NOTIC: [2048] Declaration of Common\Model\HyFrameModel::find() should be compatible with Think\Model::find($options = Array) F:\PHP\wamp64\www\Marxism\Marxism\Application\Common\Model\HyFrameModel.class.php Á¨¨ 13 Ë°å.
NOTIC: [8] Undefined index: model F:\PHP\wamp64\www\Marxism\Marxism\Application\Common\Controller\HyFrameController.class.php Á¨¨ 42 Ë°å.

[ 2016-10-04T22:05:10+08:00 ] ::1 /Marxism/Marxism/index.php/System/Index/index.html
INFO: [ app_init ] --START--
INFO: Run Behavior\BuildLiteBehavior [ RunTime:0.000000s ]
INFO: [ app_init ] --END-- [ RunTime:0.002000s ]
INFO: [ app_begin ] --START--
INFO: Run Behavior\ReadHtmlCacheBehavior [ RunTime:0.002000s ]
INFO: [ app_begin ] --END-- [ RunTime:0.003000s ]
NOTIC: [8192] mysql_connect(): The mysql extension is deprecated and will be removed in the future: use mysqli or PDO instead F:\PHP\wamp64\www\Marxism\Marxism\HomyitCore\Library\Think\Session\Driver\Db.class.php Á¨¨ 95 Ë°å.
INFO: [ action_begin ] --START--
INFO: Run Common\Behavior\HyLogBehavior [ RunTime:0.004001s ]
INFO: [ action_begin ] --END-- [ RunTime:0.004001s ]
NOTIC: [2048] Declaration of Common\Model\HyFrameModel::find() should be compatible with Think\Model::find($options = Array) F:\PHP\wamp64\www\Marxism\Marxism\Application\Common\Model\HyFrameModel.class.php Á¨¨ 13 Ë°å.
NOTIC: [8] Undefined index: model F:\PHP\wamp64\www\Marxism\Marxism\Application\Common\Controller\HyFrameController.class.php Á¨¨ 42 Ë°å.
SQL: SHOW COLUMNS FROM `mar_frame_log` [ RunTime:0.0150s ]
SQL: SELECT `create_time` FROM `mar_frame_log` WHERE `user_id` = 18 AND `status` = 1 AND `controller` = 'HyStart' AND `action` = 'ajax' AND `description` LIKE '%ÊàêÂäü%' ORDER BY id desc LIMIT 2   [ RunTime:0.0010s ]
SQL: SHOW COLUMNS FROM `mar_frame_notice` [ RunTime:0.0060s ]
NOTIC: [8] Undefined index: associate F:\PHP\wamp64\www\Marxism\Marxism\Application\Common\Model\HyFrameModel.class.php Á¨¨ 142 Ë°å.
NOTIC: [8] Undefined index: order F:\PHP\wamp64\www\Marxism\Marxism\Application\Common\Model\HyFrameModel.class.php Á¨¨ 163 Ë°å.
NOTIC: [8] Undefined variable: field F:\PHP\wamp64\www\Marxism\Marxism\Application\Common\Model\HyFrameModel.class.php Á¨¨ 182 Ë°å.
NOTIC: [8] Undefined index: where F:\PHP\wamp64\www\Marxism\Marxism\Application\Common\Model\HyFrameModel.class.php Á¨¨ 190 Ë°å.
NOTIC: [8] Undefined index: decrypt F:\PHP\wamp64\www\Marxism\Marxism\Application\Common\Model\HyFrameModel.class.php Á¨¨ 242 Ë°å.
NOTIC: [8] Undefined index: scope F:\PHP\wamp64\www\Marxism\Marxism\Application\Common\Model\HyFrameModel.class.php Á¨¨ 248 Ë°å.
NOTIC: [8] Undefined index: count F:\PHP\wamp64\www\Marxism\Marxism\Application\Common\Model\HyFrameModel.class.php Á¨¨ 249 Ë°å.
NOTIC: [8] Undefined index: find F:\PHP\wamp64\www\Marxism\Marxism\Application\Common\Model\HyFrameModel.class.php Á¨¨ 255 Ë°å.
SQL: SELECT `id`,`title`,`content`,`creator_id`,`file_id`,`create_time`,`update_time`,`status` FROM `mar_frame_notice` WHERE `status` = 1 ORDER BY id desc LIMIT 5   [ RunTime:0.0020s ]
INFO: [ before_view ] --START--
SQL: SHOW COLUMNS FROM `mar_frame_alert` [ RunTime:0.0090s ]
SQL: SELECT `id`,`category`,`icon`,`message`,`url`,`type`,`create_time` FROM `mar_frame_alert` where `to_users` LIKE '%,18,%' AND ( IFNULL(`read_users`,'')='' OR `read_users` NOT LIKE '%,18,%') AND `status`=1 ORDER BY `id` DESC [ RunTime:0.0010s ]
INFO: Run Common\Behavior\HyBeforeViewBehavior [ RunTime:0.023001s ]
INFO: [ before_view ] --END-- [ RunTime:0.024002s ]
INFO: [ view_parse ] --START--
INFO: [ template_filter ] --START--
INFO: Run Behavior\ContentReplaceBehavior [ RunTime:0.001000s ]
INFO: [ template_filter ] --END-- [ RunTime:0.002000s ]
INFO: Run Behavior\ParseTemplateBehavior [ RunTime:0.098006s ]
INFO: [ view_parse ] --END-- [ RunTime:0.099006s ]
INFO: [ view_filter ] --START--
INFO: Run Behavior\WriteHtmlCacheBehavior [ RunTime:0.002000s ]
INFO: [ view_filter ] --END-- [ RunTime:0.002000s ]
INFO: [ action_end ] --START--
INFO: Run Common\Behavior\HyLogBehavior [ RunTime:0.000000s ]
INFO: [ action_end ] --END-- [ RunTime:0.001000s ]
INFO: [ app_end ] --START--
INFO: Run Behavior\ShowPageTraceBehavior [ RunTime:0.003000s ]
INFO: [ app_end ] --END-- [ RunTime:0.003000s ]

[ 2016-10-04T22:05:12+08:00 ] ::1 /Marxism/Marxism/index.php/System/HyChat/ajax?q=list
INFO: [ app_init ] --START--
INFO: Run Behavior\BuildLiteBehavior [ RunTime:0.000000s ]
INFO: [ app_init ] --END-- [ RunTime:0.001000s ]
INFO: [ app_begin ] --START--
INFO: Run Behavior\ReadHtmlCacheBehavior [ RunTime:0.002001s ]
INFO: [ app_begin ] --END-- [ RunTime:0.003001s ]
NOTIC: [8192] mysql_connect(): The mysql extension is deprecated and will be removed in the future: use mysqli or PDO instead F:\PHP\wamp64\www\Marxism\Marxism\HomyitCore\Library\Think\Session\Driver\Db.class.php Á¨¨ 95 Ë°å.
INFO: [ action_begin ] --START--
INFO: Run Common\Behavior\HyLogBehavior [ RunTime:0.006000s ]
INFO: [ action_begin ] --END-- [ RunTime:0.007001s ]
NOTIC: [2048] Declaration of Common\Model\HyFrameModel::find() should be compatible with Think\Model::find($options = Array) F:\PHP\wamp64\www\Marxism\Marxism\Application\Common\Model\HyFrameModel.class.php Á¨¨ 13 Ë°å.
NOTIC: [8] Undefined index: model F:\PHP\wamp64\www\Marxism\Marxism\Application\Common\Controller\HyFrameController.class.php Á¨¨ 42 Ë°å.
ERR: SQLSTATE[42S02]: Base table or view not found: 1146 Table 'marxism_project.mar_frame_chat' doesn't exist

[ 2016-10-04T22:05:15+08:00 ] ::1 /Marxism/Marxism/index.php/System/HyStart/logout.html
INFO: [ app_init ] --START--
INFO: Run Behavior\BuildLiteBehavior [ RunTime:0.000000s ]
INFO: [ app_init ] --END-- [ RunTime:0.002000s ]
INFO: [ app_begin ] --START--
INFO: Run Behavior\ReadHtmlCacheBehavior [ RunTime:0.002000s ]
INFO: [ app_begin ] --END-- [ RunTime:0.002000s ]
NOTIC: [8192] mysql_connect(): The mysql extension is deprecated and will be removed in the future: use mysqli or PDO instead F:\PHP\wamp64\www\Marxism\Marxism\HomyitCore\Library\Think\Session\Driver\Db.class.php Á¨¨ 95 Ë°å.
INFO: [ action_begin ] --START--
INFO: Run Common\Behavior\HyLogBehavior [ RunTime:0.003000s ]
INFO: [ action_begin ] --END-- [ RunTime:0.005000s ]
NOTIC: [2048] Declaration of Common\Model\HyFrameModel::find() should be compatible with Think\Model::find($options = Array) F:\PHP\wamp64\www\Marxism\Marxism\Application\Common\Model\HyFrameModel.class.php Á¨¨ 13 Ë°å.
NOTIC: [8] Undefined index: model F:\PHP\wamp64\www\Marxism\Marxism\Application\Common\Controller\HyFrameController.class.php Á¨¨ 42 Ë°å.
SQL: SHOW COLUMNS FROM `mar_user` [ RunTime:0.0240s ]
SQL: UPDATE `mar_user` SET `session_id`='' WHERE `id` = 18 [ RunTime:0.4980s ]

[ 2016-10-04T22:05:15+08:00 ] ::1 /Marxism/Marxism/index.php/System/HyStart/login.html
INFO: [ app_init ] --START--
INFO: Run Behavior\BuildLiteBehavior [ RunTime:0.000000s ]
INFO: [ app_init ] --END-- [ RunTime:0.003000s ]
INFO: [ app_begin ] --START--
INFO: Run Behavior\ReadHtmlCacheBehavior [ RunTime:0.002001s ]
INFO: [ app_begin ] --END-- [ RunTime:0.003001s ]
NOTIC: [8192] mysql_connect(): The mysql extension is deprecated and will be removed in the future: use mysqli or PDO instead F:\PHP\wamp64\www\Marxism\Marxism\HomyitCore\Library\Think\Session\Driver\Db.class.php Á¨¨ 95 Ë°å.
INFO: [ action_begin ] --START--
INFO: Run Common\Behavior\HyLogBehavior [ RunTime:0.003000s ]
INFO: [ action_begin ] --END-- [ RunTime:0.003000s ]
NOTIC: [2048] Declaration of Common\Model\HyFrameModel::find() should be compatible with Think\Model::find($options = Array) F:\PHP\wamp64\www\Marxism\Marxism\Application\Common\Model\HyFrameModel.class.php Á¨¨ 13 Ë°å.
NOTIC: [8] Undefined index: model F:\PHP\wamp64\www\Marxism\Marxism\Application\Common\Controller\HyFrameController.class.php Á¨¨ 42 Ë°å.
SQL: SHOW COLUMNS FROM `mar_frame_setting` [ RunTime:0.0360s ]
SQL: SELECT `key`,`value` FROM `mar_frame_setting` WHERE `status` < 9  [ RunTime:0.0010s ]
INFO: [ before_view ] --START--
INFO: Run Common\Behavior\HyBeforeViewBehavior [ RunTime:0.002001s ]
INFO: [ before_view ] --END-- [ RunTime:0.004001s ]
INFO: [ view_parse ] --START--
INFO: [ template_filter ] --START--
INFO: Run Behavior\ContentReplaceBehavior [ RunTime:0.000000s ]
INFO: [ template_filter ] --END-- [ RunTime:0.000000s ]
INFO: Run Behavior\ParseTemplateBehavior [ RunTime:0.032002s ]
INFO: [ view_parse ] --END-- [ RunTime:0.033002s ]
INFO: [ view_filter ] --START--
INFO: Run Behavior\WriteHtmlCacheBehavior [ RunTime:0.002000s ]
INFO: [ view_filter ] --END-- [ RunTime:0.002000s ]
INFO: [ action_end ] --START--
INFO: Run Common\Behavior\HyLogBehavior [ RunTime:0.001000s ]
INFO: [ action_end ] --END-- [ RunTime:0.001000s ]
INFO: [ app_end ] --START--
INFO: Run Behavior\ShowPageTraceBehavior [ RunTime:0.003000s ]
INFO: [ app_end ] --END-- [ RunTime:0.004000s ]

[ 2016-10-04T22:05:19+08:00 ] ::1 /Marxism/Marxism/index.php/System/HyStart/ajax?q=login
INFO: [ app_init ] --START--
INFO: Run Behavior\BuildLiteBehavior [ RunTime:0.000000s ]
INFO: [ app_init ] --END-- [ RunTime:0.002000s ]
INFO: [ app_begin ] --START--
INFO: Run Behavior\ReadHtmlCacheBehavior [ RunTime:0.001001s ]
INFO: [ app_begin ] --END-- [ RunTime:0.002001s ]
NOTIC: [8192] mysql_connect(): The mysql extension is deprecated and will be removed in the future: use mysqli or PDO instead F:\PHP\wamp64\www\Marxism\Marxism\HomyitCore\Library\Think\Session\Driver\Db.class.php Á¨¨ 95 Ë°å.
INFO: [ action_begin ] --START--
INFO: Run Common\Behavior\HyLogBehavior [ RunTime:0.002000s ]
INFO: [ action_begin ] --END-- [ RunTime:0.003001s ]
NOTIC: [2048] Declaration of Common\Model\HyFrameModel::find() should be compatible with Think\Model::find($options = Array) F:\PHP\wamp64\www\Marxism\Marxism\Application\Common\Model\HyFrameModel.class.php Á¨¨ 13 Ë°å.
NOTIC: [8] Undefined index: model F:\PHP\wamp64\www\Marxism\Marxism\Application\Common\Controller\HyFrameController.class.php Á¨¨ 42 Ë°å.
NOTIC: [8] Undefined variable: logStep F:\PHP\wamp64\www\Marxism\Marxism\Application\System\Controller\HyStartController.class.php Á¨¨ 56 Ë°å.
SQL: SHOW COLUMNS FROM `mar_user` [ RunTime:0.0410s ]
NOTIC: [2] Missing argument 1 for Common\Model\HyFrameModel::find(), called in F:\PHP\wamp64\www\Marxism\Marxism\Application\Common\Model\HyAccountModel.class.php on line 25 and defined F:\PHP\wamp64\www\Marxism\Marxism\Application\Common\Model\HyFrameModel.class.php Á¨¨ 272 Ë°å.
NOTIC: [8] Undefined variable: options F:\PHP\wamp64\www\Marxism\Marxism\Application\Common\Model\HyFrameModel.class.php Á¨¨ 273 Ë°å.
NOTIC: [8] Undefined variable: options F:\PHP\wamp64\www\Marxism\Marxism\Application\Common\Model\HyFrameModel.class.php Á¨¨ 273 Ë°å.
SQL: SELECT `id`,`name`,`roles`,`user_no`,`password`,`sex`,`birth`,`phone`,`qq`,`email`,`country`,`session_id`,`login_last_time`,`login_times`,`status`,`english_name`,`admission_time` FROM `mar_user` WHERE `user_no` = '123' AND `status` = 1 LIMIT 1   [ RunTime:0.0010s ]

[ 2016-10-04T22:05:22+08:00 ] ::1 /Marxism/Marxism/index.php/System/HyStart/login.html
INFO: [ app_init ] --START--
INFO: Run Behavior\BuildLiteBehavior [ RunTime:0.000000s ]
INFO: [ app_init ] --END-- [ RunTime:0.003000s ]
INFO: [ app_begin ] --START--
INFO: Run Behavior\ReadHtmlCacheBehavior [ RunTime:0.002001s ]
INFO: [ app_begin ] --END-- [ RunTime:0.003001s ]
NOTIC: [8192] mysql_connect(): The mysql extension is deprecated and will be removed in the future: use mysqli or PDO instead F:\PHP\wamp64\www\Marxism\Marxism\HomyitCore\Library\Think\Session\Driver\Db.class.php Á¨¨ 95 Ë°å.
INFO: [ action_begin ] --START--
INFO: Run Common\Behavior\HyLogBehavior [ RunTime:0.003000s ]
INFO: [ action_begin ] --END-- [ RunTime:0.003000s ]
NOTIC: [2048] Declaration of Common\Model\HyFrameModel::find() should be compatible with Think\Model::find($options = Array) F:\PHP\wamp64\www\Marxism\Marxism\Application\Common\Model\HyFrameModel.class.php Á¨¨ 13 Ë°å.
NOTIC: [8] Undefined index: model F:\PHP\wamp64\www\Marxism\Marxism\Application\Common\Controller\HyFrameController.class.php Á¨¨ 42 Ë°å.
SQL: SHOW COLUMNS FROM `mar_frame_setting` [ RunTime:0.0090s ]
SQL: SELECT `key`,`value` FROM `mar_frame_setting` WHERE `status` < 9  [ RunTime:0.0010s ]
INFO: [ before_view ] --START--
INFO: Run Common\Behavior\HyBeforeViewBehavior [ RunTime:0.004000s ]
INFO: [ before_view ] --END-- [ RunTime:0.005000s ]
INFO: [ view_parse ] --START--
INFO: [ template_filter ] --START--
INFO: Run Behavior\ContentReplaceBehavior [ RunTime:0.001000s ]
INFO: [ template_filter ] --END-- [ RunTime:0.002000s ]
INFO: Run Behavior\ParseTemplateBehavior [ RunTime:0.069004s ]
INFO: [ view_parse ] --END-- [ RunTime:0.070004s ]
INFO: [ view_filter ] --START--
INFO: Run Behavior\WriteHtmlCacheBehavior [ RunTime:0.003001s ]
INFO: [ view_filter ] --END-- [ RunTime:0.004001s ]
INFO: [ action_end ] --START--
INFO: Run Common\Behavior\HyLogBehavior [ RunTime:0.000000s ]
INFO: [ action_end ] --END-- [ RunTime:0.001000s ]
INFO: [ app_end ] --START--
INFO: Run Behavior\ShowPageTraceBehavior [ RunTime:0.003000s ]
INFO: [ app_end ] --END-- [ RunTime:0.004000s ]

[ 2016-10-04T22:05:27+08:00 ] ::1 /Marxism/Marxism/index.php/System/HyStart/ajax?q=login
INFO: [ app_init ] --START--
INFO: Run Behavior\BuildLiteBehavior [ RunTime:0.000000s ]
INFO: [ app_init ] --END-- [ RunTime:0.002000s ]
INFO: [ app_begin ] --START--
INFO: Run Behavior\ReadHtmlCacheBehavior [ RunTime:0.003000s ]
INFO: [ app_begin ] --END-- [ RunTime:0.003000s ]
NOTIC: [8192] mysql_connect(): The mysql extension is deprecated and will be removed in the future: use mysqli or PDO instead F:\PHP\wamp64\www\Marxism\Marxism\HomyitCore\Library\Think\Session\Driver\Db.class.php Á¨¨ 95 Ë°å.
INFO: [ action_begin ] --START--
INFO: Run Common\Behavior\HyLogBehavior [ RunTime:0.005000s ]
INFO: [ action_begin ] --END-- [ RunTime:0.005000s ]
NOTIC: [2048] Declaration of Common\Model\HyFrameModel::find() should be compatible with Think\Model::find($options = Array) F:\PHP\wamp64\www\Marxism\Marxism\Application\Common\Model\HyFrameModel.class.php Á¨¨ 13 Ë°å.
NOTIC: [8] Undefined index: model F:\PHP\wamp64\www\Marxism\Marxism\Application\Common\Controller\HyFrameController.class.php Á¨¨ 42 Ë°å.
NOTIC: [8] Undefined variable: logStep F:\PHP\wamp64\www\Marxism\Marxism\Application\System\Controller\HyStartController.class.php Á¨¨ 56 Ë°å.
SQL: SHOW COLUMNS FROM `mar_user` [ RunTime:0.0810s ]
NOTIC: [2] Missing argument 1 for Common\Model\HyFrameModel::find(), called in F:\PHP\wamp64\www\Marxism\Marxism\Application\Common\Model\HyAccountModel.class.php on line 25 and defined F:\PHP\wamp64\www\Marxism\Marxism\Application\Common\Model\HyFrameModel.class.php Á¨¨ 272 Ë°å.
NOTIC: [8] Undefined variable: options F:\PHP\wamp64\www\Marxism\Marxism\Application\Common\Model\HyFrameModel.class.php Á¨¨ 273 Ë°å.
NOTIC: [8] Undefined variable: options F:\PHP\wamp64\www\Marxism\Marxism\Application\Common\Model\HyFrameModel.class.php Á¨¨ 273 Ë°å.
SQL: SELECT `id`,`name`,`roles`,`user_no`,`password`,`sex`,`birth`,`phone`,`qq`,`email`,`country`,`session_id`,`login_last_time`,`login_times`,`status`,`english_name`,`admission_time` FROM `mar_user` WHERE `user_no` = '123' AND `status` = 1 LIMIT 1   [ RunTime:0.0010s ]

[ 2016-10-04T22:06:02+08:00 ] ::1 /Marxism/Marxism/index.php/System/HyStart/login.html
INFO: [ app_init ] --START--
INFO: Run Behavior\BuildLiteBehavior [ RunTime:0.000000s ]
INFO: [ app_init ] --END-- [ RunTime:0.002000s ]
INFO: [ app_begin ] --START--
INFO: Run Behavior\ReadHtmlCacheBehavior [ RunTime:0.004001s ]
INFO: [ app_begin ] --END-- [ RunTime:0.006001s ]
NOTIC: [8192] mysql_connect(): The mysql extension is deprecated and will be removed in the future: use mysqli or PDO instead F:\PHP\wamp64\www\Marxism\Marxism\HomyitCore\Library\Think\Session\Driver\Db.class.php Á¨¨ 95 Ë°å.
INFO: [ action_begin ] --START--
INFO: Run Common\Behavior\HyLogBehavior [ RunTime:0.003001s ]
INFO: [ action_begin ] --END-- [ RunTime:0.003001s ]
NOTIC: [2048] Declaration of Common\Model\HyFrameModel::find() should be compatible with Think\Model::find($options = Array) F:\PHP\wamp64\www\Marxism\Marxism\Application\Common\Model\HyFrameModel.class.php Á¨¨ 13 Ë°å.
NOTIC: [8] Undefined index: model F:\PHP\wamp64\www\Marxism\Marxism\Application\Common\Controller\HyFrameController.class.php Á¨¨ 42 Ë°å.
SQL: SHOW COLUMNS FROM `mar_frame_setting` [ RunTime:0.0380s ]
SQL: SELECT `key`,`value` FROM `mar_frame_setting` WHERE `status` < 9  [ RunTime:0.0020s ]
INFO: [ before_view ] --START--
INFO: Run Common\Behavior\HyBeforeViewBehavior [ RunTime:0.004000s ]
INFO: [ before_view ] --END-- [ RunTime:0.006000s ]
INFO: [ view_parse ] --START--
INFO: [ template_filter ] --START--
INFO: Run Behavior\ContentReplaceBehavior [ RunTime:0.000000s ]
INFO: [ template_filter ] --END-- [ RunTime:0.002000s ]
INFO: Run Behavior\ParseTemplateBehavior [ RunTime:0.063004s ]
INFO: [ view_parse ] --END-- [ RunTime:0.063004s ]
INFO: [ view_filter ] --START--
INFO: Run Behavior\WriteHtmlCacheBehavior [ RunTime:0.002000s ]
INFO: [ view_filter ] --END-- [ RunTime:0.004000s ]
INFO: [ action_end ] --START--
INFO: Run Common\Behavior\HyLogBehavior [ RunTime:0.001000s ]
INFO: [ action_end ] --END-- [ RunTime:0.001000s ]
INFO: [ app_end ] --START--
INFO: Run Behavior\ShowPageTraceBehavior [ RunTime:0.003000s ]
INFO: [ app_end ] --END-- [ RunTime:0.005000s ]

[ 2016-10-04T22:06:11+08:00 ] ::1 /Marxism/Marxism/index.php/System/HyStart/ajax?q=login
INFO: [ app_init ] --START--
INFO: Run Behavior\BuildLiteBehavior [ RunTime:0.000000s ]
INFO: [ app_init ] --END-- [ RunTime:0.003000s ]
INFO: [ app_begin ] --START--
INFO: Run Behavior\ReadHtmlCacheBehavior [ RunTime:0.003001s ]
INFO: [ app_begin ] --END-- [ RunTime:0.003001s ]
NOTIC: [8192] mysql_connect(): The mysql extension is deprecated and will be removed in the future: use mysqli or PDO instead F:\PHP\wamp64\www\Marxism\Marxism\HomyitCore\Library\Think\Session\Driver\Db.class.php Á¨¨ 95 Ë°å.
INFO: [ action_begin ] --START--
INFO: Run Common\Behavior\HyLogBehavior [ RunTime:0.003000s ]
INFO: [ action_begin ] --END-- [ RunTime:0.004000s ]
NOTIC: [2048] Declaration of Common\Model\HyFrameModel::find() should be compatible with Think\Model::find($options = Array) F:\PHP\wamp64\www\Marxism\Marxism\Application\Common\Model\HyFrameModel.class.php Á¨¨ 13 Ë°å.
NOTIC: [8] Undefined index: model F:\PHP\wamp64\www\Marxism\Marxism\Application\Common\Controller\HyFrameController.class.php Á¨¨ 42 Ë°å.
NOTIC: [8] Undefined variable: logStep F:\PHP\wamp64\www\Marxism\Marxism\Application\System\Controller\HyStartController.class.php Á¨¨ 56 Ë°å.
SQL: SHOW COLUMNS FROM `mar_user` [ RunTime:0.4680s ]
NOTIC: [2] Missing argument 1 for Common\Model\HyFrameModel::find(), called in F:\PHP\wamp64\www\Marxism\Marxism\Application\Common\Model\HyAccountModel.class.php on line 25 and defined F:\PHP\wamp64\www\Marxism\Marxism\Application\Common\Model\HyFrameModel.class.php Á¨¨ 272 Ë°å.
NOTIC: [8] Undefined variable: options F:\PHP\wamp64\www\Marxism\Marxism\Application\Common\Model\HyFrameModel.class.php Á¨¨ 273 Ë°å.
NOTIC: [8] Undefined variable: options F:\PHP\wamp64\www\Marxism\Marxism\Application\Common\Model\HyFrameModel.class.php Á¨¨ 273 Ë°å.
SQL: SELECT `id`,`name`,`roles`,`user_no`,`password`,`sex`,`birth`,`phone`,`qq`,`email`,`country`,`session_id`,`login_last_time`,`login_times`,`status`,`english_name`,`admission_time` FROM `mar_user` WHERE `user_no` = '123' AND `status` = 1 LIMIT 1   [ RunTime:0.0020s ]
SQL: UPDATE `mar_user` SET `login_last_time`='1475589970',`login_times`='783',`session_id`='no1okhr2i3h7eg0fgacjup6r00' WHERE `id` = 18 [ RunTime:0.9221s ]
NOTIC: [8] Undefined index: avatar_file F:\PHP\wamp64\www\Marxism\Marxism\Application\System\Controller\HyStartController.class.php Á¨¨ 100 Ë°å.
NOTIC: [8] Undefined index: college_id F:\PHP\wamp64\www\Marxism\Marxism\Application\Common\Model\HyAccountModel.class.php Á¨¨ 55 Ë°å.
SQL: SHOW COLUMNS FROM `mar_frame_role` [ RunTime:0.0030s ]
SQL: SELECT `id`,`name`,`title`,`table` FROM `mar_frame_role` WHERE `status` = 1 AND `id` IN ('32')  [ RunTime:0.0010s ]
SQL: SHOW COLUMNS FROM `mar_user` [ RunTime:0.2260s ]
SQL: SHOW COLUMNS FROM `mar_frame_access` [ RunTime:0.0040s ]
SQL: SELECT `action_id`,`model` FROM `mar_frame_access` WHERE ( `role_id`=32 AND `status`=1 )  [ RunTime:0.0030s ]
SQL: SELECT `pid` FROM `mar_frame_role` WHERE ( `id`=32 AND `status`=1 ) LIMIT 1   [ RunTime:0.0010s ]
SQL: SELECT `id`,`pid`,`type`,`title`,`name`,`options` FROM `mar_frame_action` WHERE `status`=1 AND `id` IN (810100,410106,810203,810102,810000,710000,710100,710101,710102,710103,710104,710105,810101,810204,810205,810206,810300,810301,810302,810303,810304,810305,810306,810103,810104,810202,210200,210201,210202,210203,210204,210205,210206,210207,810201,810200,810106,810105,410000,410100,410101,410102,410103,410104,410105) ORDER BY `rank` DESC [ RunTime:0.0040s ]
SQL: SHOW COLUMNS FROM `mar_frame_log` [ RunTime:0.0030s ]
SQL: INSERT INTO `mar_frame_log` (`user_id`,`controller`,`action`,`post`,`description`,`ip`,`create_time`) VALUES ('18','HyStart','ajax','{\"u\":\"iSy1YjdmNubIVNVhUE+sgw==1511691\",\"p\":\"5jKYBEJW9v0QGD20ABDnxKNsyQI1AhjeR5MeGJiYgc3Yj8742UPMQTpGndcLokqW6915704\"}',' >> ÁôªÂΩïÈ™åËØÅ >> <span class=\'text-success\'>ÊàêÂäü</span>','0.0.0.0','1475589971') [ RunTime:0.0020s ]

[ 2016-10-04T22:06:12+08:00 ] ::1 /Marxism/Marxism/index.php/System/Index/index
INFO: [ app_init ] --START--
INFO: Run Behavior\BuildLiteBehavior [ RunTime:0.000000s ]
INFO: [ app_init ] --END-- [ RunTime:0.002000s ]
INFO: [ app_begin ] --START--
INFO: Run Behavior\ReadHtmlCacheBehavior [ RunTime:0.004000s ]
INFO: [ app_begin ] --END-- [ RunTime:0.005000s ]
NOTIC: [8192] mysql_connect(): The mysql extension is deprecated and will be removed in the future: use mysqli or PDO instead F:\PHP\wamp64\www\Marxism\Marxism\HomyitCore\Library\Think\Session\Driver\Db.class.php Á¨¨ 95 Ë°å.
INFO: [ action_begin ] --START--
INFO: Run Common\Behavior\HyLogBehavior [ RunTime:0.003000s ]
INFO: [ action_begin ] --END-- [ RunTime:0.005001s ]
NOTIC: [2048] Declaration of Common\Model\HyFrameModel::find() should be compatible with Think\Model::find($options = Array) F:\PHP\wamp64\www\Marxism\Marxism\Application\Common\Model\HyFrameModel.class.php Á¨¨ 13 Ë°å.
NOTIC: [8] Undefined index: model F:\PHP\wamp64\www\Marxism\Marxism\Application\Common\Controller\HyFrameController.class.php Á¨¨ 42 Ë°å.
SQL: SHOW COLUMNS FROM `mar_frame_log` [ RunTime:0.0240s ]
SQL: SELECT `create_time` FROM `mar_frame_log` WHERE `user_id` = 18 AND `status` = 1 AND `controller` = 'HyStart' AND `action` = 'ajax' AND `description` LIKE '%ÊàêÂäü%' ORDER BY id desc LIMIT 2   [ RunTime:0.0020s ]
SQL: SHOW COLUMNS FROM `mar_frame_notice` [ RunTime:0.0100s ]
NOTIC: [8] Undefined index: associate F:\PHP\wamp64\www\Marxism\Marxism\Application\Common\Model\HyFrameModel.class.php Á¨¨ 142 Ë°å.
NOTIC: [8] Undefined index: order F:\PHP\wamp64\www\Marxism\Marxism\Application\Common\Model\HyFrameModel.class.php Á¨¨ 163 Ë°å.
NOTIC: [8] Undefined variable: field F:\PHP\wamp64\www\Marxism\Marxism\Application\Common\Model\HyFrameModel.class.php Á¨¨ 182 Ë°å.
NOTIC: [8] Undefined index: where F:\PHP\wamp64\www\Marxism\Marxism\Application\Common\Model\HyFrameModel.class.php Á¨¨ 190 Ë°å.
NOTIC: [8] Undefined index: decrypt F:\PHP\wamp64\www\Marxism\Marxism\Application\Common\Model\HyFrameModel.class.php Á¨¨ 242 Ë°å.
NOTIC: [8] Undefined index: scope F:\PHP\wamp64\www\Marxism\Marxism\Application\Common\Model\HyFrameModel.class.php Á¨¨ 248 Ë°å.
NOTIC: [8] Undefined index: count F:\PHP\wamp64\www\Marxism\Marxism\Application\Common\Model\HyFrameModel.class.php Á¨¨ 249 Ë°å.
NOTIC: [8] Undefined index: find F:\PHP\wamp64\www\Marxism\Marxism\Application\Common\Model\HyFrameModel.class.php Á¨¨ 255 Ë°å.
SQL: SELECT `id`,`title`,`content`,`creator_id`,`file_id`,`create_time`,`update_time`,`status` FROM `mar_frame_notice` WHERE `status` = 1 ORDER BY id desc LIMIT 5   [ RunTime:0.0020s ]
INFO: [ before_view ] --START--
SQL: SHOW COLUMNS FROM `mar_frame_alert` [ RunTime:0.0100s ]
SQL: SELECT `id`,`category`,`icon`,`message`,`url`,`type`,`create_time` FROM `mar_frame_alert` where `to_users` LIKE '%,18,%' AND ( IFNULL(`read_users`,'')='' OR `read_users` NOT LIKE '%,18,%') AND `status`=1 ORDER BY `id` DESC [ RunTime:0.0010s ]
INFO: Run Common\Behavior\HyBeforeViewBehavior [ RunTime:0.024001s ]
INFO: [ before_view ] --END-- [ RunTime:0.025001s ]
INFO: [ view_parse ] --START--
INFO: [ template_filter ] --START--
INFO: Run Behavior\ContentReplaceBehavior [ RunTime:0.001000s ]
INFO: [ template_filter ] --END-- [ RunTime:0.002000s ]
INFO: Run Behavior\ParseTemplateBehavior [ RunTime:0.187011s ]
INFO: [ view_parse ] --END-- [ RunTime:0.188011s ]
INFO: [ view_filter ] --START--
INFO: Run Behavior\WriteHtmlCacheBehavior [ RunTime:0.004000s ]
INFO: [ view_filter ] --END-- [ RunTime:0.004000s ]
INFO: [ action_end ] --START--
INFO: Run Common\Behavior\HyLogBehavior [ RunTime:0.001000s ]
INFO: [ action_end ] --END-- [ RunTime:0.003000s ]
INFO: [ app_end ] --START--
INFO: Run Behavior\ShowPageTraceBehavior [ RunTime:0.005000s ]
INFO: [ app_end ] --END-- [ RunTime:0.006000s ]

[ 2016-10-04T22:06:14+08:00 ] ::1 /Marxism/Marxism/index.php/System/HyChat/ajax?q=list
INFO: [ app_init ] --START--
INFO: Run Behavior\BuildLiteBehavior [ RunTime:0.000000s ]
INFO: [ app_init ] --END-- [ RunTime:0.002000s ]
INFO: [ app_begin ] --START--
INFO: Run Behavior\ReadHtmlCacheBehavior [ RunTime:0.002000s ]
INFO: [ app_begin ] --END-- [ RunTime:0.003000s ]
NOTIC: [8192] mysql_connect(): The mysql extension is deprecated and will be removed in the future: use mysqli or PDO instead F:\PHP\wamp64\www\Marxism\Marxism\HomyitCore\Library\Think\Session\Driver\Db.class.php Á¨¨ 95 Ë°å.
INFO: [ action_begin ] --START--
INFO: Run Common\Behavior\HyLogBehavior [ RunTime:0.004001s ]
INFO: [ action_begin ] --END-- [ RunTime:0.004001s ]
NOTIC: [2048] Declaration of Common\Model\HyFrameModel::find() should be compatible with Think\Model::find($options = Array) F:\PHP\wamp64\www\Marxism\Marxism\Application\Common\Model\HyFrameModel.class.php Á¨¨ 13 Ë°å.
NOTIC: [8] Undefined index: model F:\PHP\wamp64\www\Marxism\Marxism\Application\Common\Controller\HyFrameController.class.php Á¨¨ 42 Ë°å.
ERR: SQLSTATE[42S02]: Base table or view not found: 1146 Table 'marxism_project.mar_frame_chat' doesn't exist

[ 2016-10-04T22:08:01+08:00 ] ::1 /Marxism/Marxism/index.php/System/HyStart/online?keepTry=lVwzONmt0Rb3eyudenT5WV8IB3s7pfJZcujHk3htzIw%3D8919796
INFO: [ app_init ] --START--
INFO: Run Behavior\BuildLiteBehavior [ RunTime:0.003001s ]
INFO: [ app_init ] --END-- [ RunTime:0.006001s ]
INFO: [ app_begin ] --START--
INFO: Run Behavior\ReadHtmlCacheBehavior [ RunTime:0.003001s ]
INFO: [ app_begin ] --END-- [ RunTime:0.003001s ]
NOTIC: [8192] mysql_connect(): The mysql extension is deprecated and will be removed in the future: use mysqli or PDO instead F:\PHP\wamp64\www\Marxism\Marxism\HomyitCore\Library\Think\Session\Driver\Db.class.php Á¨¨ 95 Ë°å.
INFO: [ action_begin ] --START--
INFO: Run Common\Behavior\HyLogBehavior [ RunTime:0.006000s ]
INFO: [ action_begin ] --END-- [ RunTime:0.007000s ]
NOTIC: [2048] Declaration of Common\Model\HyFrameModel::find() should be compatible with Think\Model::find($options = Array) F:\PHP\wamp64\www\Marxism\Marxism\Application\Common\Model\HyFrameModel.class.php Á¨¨ 13 Ë°å.
NOTIC: [8] Undefined index: model F:\PHP\wamp64\www\Marxism\Marxism\Application\Common\Controller\HyFrameController.class.php Á¨¨ 42 Ë°å.

[ 2016-10-04T22:09:01+08:00 ] ::1 /Marxism/Marxism/index.php/System/HyStart/online?keepTry=nKHCw0rx0CWJ27jF37u2reizpbeVWdrSoJrfml3pjas%3D4809744
INFO: [ app_init ] --START--
INFO: Run Behavior\BuildLiteBehavior [ RunTime:0.000000s ]
INFO: [ app_init ] --END-- [ RunTime:0.002001s ]
INFO: [ app_begin ] --START--
INFO: Run Behavior\ReadHtmlCacheBehavior [ RunTime:0.003000s ]
INFO: [ app_begin ] --END-- [ RunTime:0.003000s ]
NOTIC: [8192] mysql_connect(): The mysql extension is deprecated and will be removed in the future: use mysqli or PDO instead F:\PHP\wamp64\www\Marxism\Marxism\HomyitCore\Library\Think\Session\Driver\Db.class.php Á¨¨ 95 Ë°å.
INFO: [ action_begin ] --START--
INFO: Run Common\Behavior\HyLogBehavior [ RunTime:0.004000s ]
INFO: [ action_begin ] --END-- [ RunTime:0.005000s ]
NOTIC: [2048] Declaration of Common\Model\HyFrameModel::find() should be compatible with Think\Model::find($options = Array) F:\PHP\wamp64\www\Marxism\Marxism\Application\Common\Model\HyFrameModel.class.php Á¨¨ 13 Ë°å.
NOTIC: [8] Undefined index: model F:\PHP\wamp64\www\Marxism\Marxism\Application\Common\Controller\HyFrameController.class.php Á¨¨ 42 Ë°å.

[ 2016-10-04T22:09:45+08:00 ] ::1 /Marxism/Marxism/index.php/System/HyStart/logout.html
INFO: [ app_init ] --START--
INFO: Run Behavior\BuildLiteBehavior [ RunTime:0.000000s ]
INFO: [ app_init ] --END-- [ RunTime:0.002000s ]
INFO: [ app_begin ] --START--
INFO: Run Behavior\ReadHtmlCacheBehavior [ RunTime:0.003000s ]
INFO: [ app_begin ] --END-- [ RunTime:0.004000s ]
NOTIC: [8192] mysql_connect(): The mysql extension is deprecated and will be removed in the future: use mysqli or PDO instead F:\PHP\wamp64\www\Marxism\Marxism\HomyitCore\Library\Think\Session\Driver\Db.class.php Á¨¨ 95 Ë°å.
INFO: [ action_begin ] --START--
INFO: Run Common\Behavior\HyLogBehavior [ RunTime:0.004000s ]
INFO: [ action_begin ] --END-- [ RunTime:0.006000s ]
NOTIC: [2048] Declaration of Common\Model\HyFrameModel::find() should be compatible with Think\Model::find($options = Array) F:\PHP\wamp64\www\Marxism\Marxism\Application\Common\Model\HyFrameModel.class.php Á¨¨ 13 Ë°å.
NOTIC: [8] Undefined index: model F:\PHP\wamp64\www\Marxism\Marxism\Application\Common\Controller\HyFrameController.class.php Á¨¨ 42 Ë°å.
SQL: SHOW COLUMNS FROM `mar_user` [ RunTime:0.0190s ]
SQL: UPDATE `mar_user` SET `session_id`='' WHERE `id` = 18 [ RunTime:0.0010s ]

[ 2016-10-04T22:09:45+08:00 ] ::1 /Marxism/Marxism/index.php/System/HyStart/login.html
INFO: [ app_init ] --START--
INFO: Run Behavior\BuildLiteBehavior [ RunTime:0.000000s ]
INFO: [ app_init ] --END-- [ RunTime:0.002000s ]
INFO: [ app_begin ] --START--
INFO: Run Behavior\ReadHtmlCacheBehavior [ RunTime:0.003000s ]
INFO: [ app_begin ] --END-- [ RunTime:0.004000s ]
NOTIC: [8192] mysql_connect(): The mysql extension is deprecated and will be removed in the future: use mysqli or PDO instead F:\PHP\wamp64\www\Marxism\Marxism\HomyitCore\Library\Think\Session\Driver\Db.class.php Á¨¨ 95 Ë°å.
INFO: [ action_begin ] --START--
INFO: Run Common\Behavior\HyLogBehavior [ RunTime:0.004000s ]
INFO: [ action_begin ] --END-- [ RunTime:0.004000s ]
NOTIC: [2048] Declaration of Common\Model\HyFrameModel::find() should be compatible with Think\Model::find($options = Array) F:\PHP\wamp64\www\Marxism\Marxism\Application\Common\Model\HyFrameModel.class.php Á¨¨ 13 Ë°å.
NOTIC: [8] Undefined index: model F:\PHP\wamp64\www\Marxism\Marxism\Application\Common\Controller\HyFrameController.class.php Á¨¨ 42 Ë°å.
SQL: SHOW COLUMNS FROM `mar_frame_setting` [ RunTime:0.0260s ]
SQL: SELECT `key`,`value` FROM `mar_frame_setting` WHERE `status` < 9  [ RunTime:0.0010s ]
INFO: [ before_view ] --START--
INFO: Run Common\Behavior\HyBeforeViewBehavior [ RunTime:0.004000s ]
INFO: [ before_view ] --END-- [ RunTime:0.004000s ]
INFO: [ view_parse ] --START--
INFO: [ template_filter ] --START--
INFO: Run Behavior\ContentReplaceBehavior [ RunTime:0.000000s ]
INFO: [ template_filter ] --END-- [ RunTime:0.001000s ]
INFO: Run Behavior\ParseTemplateBehavior [ RunTime:0.059004s ]
INFO: [ view_parse ] --END-- [ RunTime:0.059004s ]
INFO: [ view_filter ] --START--
INFO: Run Behavior\WriteHtmlCacheBehavior [ RunTime:0.002000s ]
INFO: [ view_filter ] --END-- [ RunTime:0.003000s ]
INFO: [ action_end ] --START--
INFO: Run Common\Behavior\HyLogBehavior [ RunTime:0.000000s ]
INFO: [ action_end ] --END-- [ RunTime:0.002000s ]
INFO: [ app_end ] --START--
INFO: Run Behavior\ShowPageTraceBehavior [ RunTime:0.004000s ]
INFO: [ app_end ] --END-- [ RunTime:0.004000s ]

[ 2016-10-04T22:09:50+08:00 ] ::1 /Marxism/Marxism/index.php/System/HyStart/ajax?q=login
INFO: [ app_init ] --START--
INFO: Run Behavior\BuildLiteBehavior [ RunTime:0.001000s ]
INFO: [ app_init ] --END-- [ RunTime:0.002000s ]
INFO: [ app_begin ] --START--
INFO: Run Behavior\ReadHtmlCacheBehavior [ RunTime:0.002001s ]
INFO: [ app_begin ] --END-- [ RunTime:0.002001s ]
NOTIC: [8192] mysql_connect(): The mysql extension is deprecated and will be removed in the future: use mysqli or PDO instead F:\PHP\wamp64\www\Marxism\Marxism\HomyitCore\Library\Think\Session\Driver\Db.class.php Á¨¨ 95 Ë°å.
INFO: [ action_begin ] --START--
INFO: Run Common\Behavior\HyLogBehavior [ RunTime:0.004000s ]
INFO: [ action_begin ] --END-- [ RunTime:0.004000s ]
NOTIC: [2048] Declaration of Common\Model\HyFrameModel::find() should be compatible with Think\Model::find($options = Array) F:\PHP\wamp64\www\Marxism\Marxism\Application\Common\Model\HyFrameModel.class.php Á¨¨ 13 Ë°å.
NOTIC: [8] Undefined index: model F:\PHP\wamp64\www\Marxism\Marxism\Application\Common\Controller\HyFrameController.class.php Á¨¨ 42 Ë°å.
NOTIC: [8] Undefined variable: logStep F:\PHP\wamp64\www\Marxism\Marxism\Application\System\Controller\HyStartController.class.php Á¨¨ 56 Ë°å.
SQL: SHOW COLUMNS FROM `mar_user` [ RunTime:0.0150s ]
NOTIC: [2] Missing argument 1 for Common\Model\HyFrameModel::find(), called in F:\PHP\wamp64\www\Marxism\Marxism\Application\Common\Model\HyAccountModel.class.php on line 25 and defined F:\PHP\wamp64\www\Marxism\Marxism\Application\Common\Model\HyFrameModel.class.php Á¨¨ 272 Ë°å.
NOTIC: [8] Undefined variable: options F:\PHP\wamp64\www\Marxism\Marxism\Application\Common\Model\HyFrameModel.class.php Á¨¨ 273 Ë°å.
NOTIC: [8] Undefined variable: options F:\PHP\wamp64\www\Marxism\Marxism\Application\Common\Model\HyFrameModel.class.php Á¨¨ 273 Ë°å.
SQL: SELECT `id`,`name`,`roles`,`user_no`,`password`,`sex`,`birth`,`phone`,`qq`,`email`,`country`,`session_id`,`login_last_time`,`login_times`,`status`,`english_name`,`admission_time` FROM `mar_user` WHERE `user_no` = '123' AND `status` = 1 LIMIT 1   [ RunTime:0.0010s ]

[ 2016-10-04T22:09:54+08:00 ] ::1 /Marxism/Marxism/index.php/System/HyStart/login.html
INFO: [ app_init ] --START--
INFO: Run Behavior\BuildLiteBehavior [ RunTime:0.000000s ]
INFO: [ app_init ] --END-- [ RunTime:0.002000s ]
INFO: [ app_begin ] --START--
INFO: Run Behavior\ReadHtmlCacheBehavior [ RunTime:0.002001s ]
INFO: [ app_begin ] --END-- [ RunTime:0.002001s ]
NOTIC: [8192] mysql_connect(): The mysql extension is deprecated and will be removed in the future: use mysqli or PDO instead F:\PHP\wamp64\www\Marxism\Marxism\HomyitCore\Library\Think\Session\Driver\Db.class.php Á¨¨ 95 Ë°å.
INFO: [ action_begin ] --START--
INFO: Run Common\Behavior\HyLogBehavior [ RunTime:0.003000s ]
INFO: [ action_begin ] --END-- [ RunTime:0.003000s ]
NOTIC: [2048] Declaration of Common\Model\HyFrameModel::find() should be compatible with Think\Model::find($options = Array) F:\PHP\wamp64\www\Marxism\Marxism\Application\Common\Model\HyFrameModel.class.php Á¨¨ 13 Ë°å.
NOTIC: [8] Undefined index: model F:\PHP\wamp64\www\Marxism\Marxism\Application\Common\Controller\HyFrameController.class.php Á¨¨ 42 Ë°å.
SQL: SHOW COLUMNS FROM `mar_frame_setting` [ RunTime:0.0150s ]
SQL: SELECT `key`,`value` FROM `mar_frame_setting` WHERE `status` < 9  [ RunTime:0.0010s ]
INFO: [ before_view ] --START--
INFO: Run Common\Behavior\HyBeforeViewBehavior [ RunTime:0.005000s ]
INFO: [ before_view ] --END-- [ RunTime:0.006000s ]
INFO: [ view_parse ] --START--
INFO: [ template_filter ] --START--
INFO: Run Behavior\ContentReplaceBehavior [ RunTime:0.001000s ]
INFO: [ template_filter ] --END-- [ RunTime:0.001000s ]
INFO: Run Behavior\ParseTemplateBehavior [ RunTime:0.043002s ]
INFO: [ view_parse ] --END-- [ RunTime:0.043002s ]
INFO: [ view_filter ] --START--
INFO: Run Behavior\WriteHtmlCacheBehavior [ RunTime:0.002000s ]
INFO: [ view_filter ] --END-- [ RunTime:0.003000s ]
INFO: [ action_end ] --START--
INFO: Run Common\Behavior\HyLogBehavior [ RunTime:0.000000s ]
INFO: [ action_end ] --END-- [ RunTime:0.001000s ]
INFO: [ app_end ] --START--
INFO: Run Behavior\ShowPageTraceBehavior [ RunTime:0.003001s ]
INFO: [ app_end ] --END-- [ RunTime:0.003001s ]

[ 2016-10-04T22:11:18+08:00 ] ::1 /Marxism/Marxism/index.php/System/HyStart/login.html
INFO: [ app_init ] --START--
INFO: Run Behavior\BuildLiteBehavior [ RunTime:0.000000s ]
INFO: [ app_init ] --END-- [ RunTime:0.002000s ]
INFO: [ app_begin ] --START--
INFO: Run Behavior\ReadHtmlCacheBehavior [ RunTime:0.005000s ]
INFO: [ app_begin ] --END-- [ RunTime:0.006000s ]
NOTIC: [8192] mysql_connect(): The mysql extension is deprecated and will be removed in the future: use mysqli or PDO instead F:\PHP\wamp64\www\Marxism\Marxism\HomyitCore\Library\Think\Session\Driver\Db.class.php Á¨¨ 95 Ë°å.
INFO: [ action_begin ] --START--
INFO: Run Common\Behavior\HyLogBehavior [ RunTime:0.006000s ]
INFO: [ action_begin ] --END-- [ RunTime:0.006000s ]
NOTIC: [2048] Declaration of Common\Model\HyFrameModel::find() should be compatible with Think\Model::find($options = Array) F:\PHP\wamp64\www\Marxism\Marxism\Application\Common\Model\HyFrameModel.class.php Á¨¨ 13 Ë°å.
NOTIC: [8] Undefined index: model F:\PHP\wamp64\www\Marxism\Marxism\Application\Common\Controller\HyFrameController.class.php Á¨¨ 42 Ë°å.
SQL: SHOW COLUMNS FROM `mar_frame_setting` [ RunTime:0.0120s ]
SQL: SELECT `key`,`value` FROM `mar_frame_setting` WHERE `status` < 9  [ RunTime:0.0010s ]
INFO: [ before_view ] --START--
INFO: Run Common\Behavior\HyBeforeViewBehavior [ RunTime:0.004001s ]
INFO: [ before_view ] --END-- [ RunTime:0.005001s ]
INFO: [ view_parse ] --START--
INFO: [ template_filter ] --START--
INFO: Run Behavior\ContentReplaceBehavior [ RunTime:0.000000s ]
INFO: [ template_filter ] --END-- [ RunTime:0.002000s ]
INFO: Run Behavior\ParseTemplateBehavior [ RunTime:0.061003s ]
INFO: [ view_parse ] --END-- [ RunTime:0.062003s ]
INFO: [ view_filter ] --START--
INFO: Run Behavior\WriteHtmlCacheBehavior [ RunTime:0.002001s ]
INFO: [ view_filter ] --END-- [ RunTime:0.003001s ]
INFO: [ action_end ] --START--
INFO: Run Common\Behavior\HyLogBehavior [ RunTime:0.000000s ]
INFO: [ action_end ] --END-- [ RunTime:0.001000s ]
INFO: [ app_end ] --START--
INFO: Run Behavior\ShowPageTraceBehavior [ RunTime:0.005000s ]
INFO: [ app_end ] --END-- [ RunTime:0.005000s ]

[ 2016-10-04T22:11:23+08:00 ] ::1 /Marxism/Marxism/index.php/System/HyStart/ajax?q=login
INFO: [ app_init ] --START--
INFO: Run Behavior\BuildLiteBehavior [ RunTime:0.000000s ]
INFO: [ app_init ] --END-- [ RunTime:0.003000s ]
INFO: [ app_begin ] --START--
INFO: Run Behavior\ReadHtmlCacheBehavior [ RunTime:0.003001s ]
INFO: [ app_begin ] --END-- [ RunTime:0.003001s ]
NOTIC: [8192] mysql_connect(): The mysql extension is deprecated and will be removed in the future: use mysqli or PDO instead F:\PHP\wamp64\www\Marxism\Marxism\HomyitCore\Library\Think\Session\Driver\Db.class.php Á¨¨ 95 Ë°å.
INFO: [ action_begin ] --START--
INFO: Run Common\Behavior\HyLogBehavior [ RunTime:0.005000s ]
INFO: [ action_begin ] --END-- [ RunTime:0.006000s ]
NOTIC: [2048] Declaration of Common\Model\HyFrameModel::find() should be compatible with Think\Model::find($options = Array) F:\PHP\wamp64\www\Marxism\Marxism\Application\Common\Model\HyFrameModel.class.php Á¨¨ 13 Ë°å.
NOTIC: [8] Undefined index: model F:\PHP\wamp64\www\Marxism\Marxism\Application\Common\Controller\HyFrameController.class.php Á¨¨ 42 Ë°å.
NOTIC: [8] Undefined variable: logStep F:\PHP\wamp64\www\Marxism\Marxism\Application\System\Controller\HyStartController.class.php Á¨¨ 56 Ë°å.
SQL: SHOW COLUMNS FROM `mar_user` [ RunTime:0.0560s ]
NOTIC: [2] Missing argument 1 for Common\Model\HyFrameModel::find(), called in F:\PHP\wamp64\www\Marxism\Marxism\Application\Common\Model\HyAccountModel.class.php on line 25 and defined F:\PHP\wamp64\www\Marxism\Marxism\Application\Common\Model\HyFrameModel.class.php Á¨¨ 272 Ë°å.
NOTIC: [8] Undefined variable: options F:\PHP\wamp64\www\Marxism\Marxism\Application\Common\Model\HyFrameModel.class.php Á¨¨ 273 Ë°å.
NOTIC: [8] Undefined variable: options F:\PHP\wamp64\www\Marxism\Marxism\Application\Common\Model\HyFrameModel.class.php Á¨¨ 273 Ë°å.
SQL: SELECT `id`,`name`,`roles`,`user_no`,`password`,`sex`,`birth`,`phone`,`qq`,`email`,`country`,`session_id`,`login_last_time`,`login_times`,`status`,`english_name`,`admission_time` FROM `mar_user` WHERE `user_no` = '123' AND `status` = 1 LIMIT 1   [ RunTime:0.0010s ]
NOTIC: [2] mcrypt_decrypt(): Key of size 0 not supported by this algorithm. Only keys of sizes 16, 24 or 32 supported F:\PHP\wamp64\www\Marxism\Marxism\Application\Common\Common\hyframe.php Á¨¨ 260 Ë°å.
SQL: UPDATE `mar_user` SET `login_last_time`='1475590283',`login_times`='1',`session_id`='no1okhr2i3h7eg0fgacjup6r00' WHERE `id` = 38 [ RunTime:0.0870s ]
NOTIC: [8] Undefined index: avatar_file F:\PHP\wamp64\www\Marxism\Marxism\Application\System\Controller\HyStartController.class.php Á¨¨ 100 Ë°å.
NOTIC: [8] Undefined index: college_id F:\PHP\wamp64\www\Marxism\Marxism\Application\Common\Model\HyAccountModel.class.php Á¨¨ 55 Ë°å.
SQL: SHOW COLUMNS FROM `mar_frame_role` [ RunTime:0.0020s ]
SQL: SELECT `id`,`name`,`title`,`table` FROM `mar_frame_role` WHERE `status` = 1 AND `id` IN ('32')  [ RunTime:0.0010s ]
SQL: SHOW COLUMNS FROM `mar_user` [ RunTime:0.0020s ]
SQL: SHOW COLUMNS FROM `mar_frame_access` [ RunTime:0.0020s ]
SQL: SELECT `action_id`,`model` FROM `mar_frame_access` WHERE ( `role_id`=32 AND `status`=1 )  [ RunTime:0.0020s ]
SQL: SELECT `pid` FROM `mar_frame_role` WHERE ( `id`=32 AND `status`=1 ) LIMIT 1   [ RunTime:0.0010s ]
SQL: SELECT `id`,`pid`,`type`,`title`,`name`,`options` FROM `mar_frame_action` WHERE `status`=1 AND `id` IN (810100,410106,810203,810102,810000,710000,710100,710101,710102,710103,710104,710105,810101,810204,810205,810206,810300,810301,810302,810303,810304,810305,810306,810103,810104,810202,210200,210201,210202,210203,210204,210205,210206,210207,810201,810200,810106,810105,410000,410100,410101,410102,410103,410104,410105) ORDER BY `rank` DESC [ RunTime:0.0030s ]
SQL: SHOW COLUMNS FROM `mar_frame_log` [ RunTime:0.0010s ]
SQL: INSERT INTO `mar_frame_log` (`user_id`,`controller`,`action`,`post`,`description`,`ip`,`create_time`) VALUES ('38','HyStart','ajax','{\"u\":\"VB47cXk4sgEPQOy5fPJlNA==4442949\",\"p\":\"Gtjz+28ELHETVorJQ2GHHgAlBquEZi3PMmtr7jDuytFZOQTtx8IEiKZrsZzrvayo1327528\"}',' >> ÁôªÂΩïÈ™åËØÅ >> <span class=\'text-success\'>ÊàêÂäü</span>','0.0.0.0','1475590283') [ RunTime:0.0010s ]

[ 2016-10-04T22:11:24+08:00 ] ::1 /Marxism/Marxism/index.php/System/Index/index
INFO: [ app_init ] --START--
INFO: Run Behavior\BuildLiteBehavior [ RunTime:0.000000s ]
INFO: [ app_init ] --END-- [ RunTime:0.003000s ]
INFO: [ app_begin ] --START--
INFO: Run Behavior\ReadHtmlCacheBehavior [ RunTime:0.002000s ]
INFO: [ app_begin ] --END-- [ RunTime:0.003000s ]
NOTIC: [8192] mysql_connect(): The mysql extension is deprecated and will be removed in the future: use mysqli or PDO instead F:\PHP\wamp64\www\Marxism\Marxism\HomyitCore\Library\Think\Session\Driver\Db.class.php Á¨¨ 95 Ë°å.
INFO: [ action_begin ] --START--
INFO: Run Common\Behavior\HyLogBehavior [ RunTime:0.003000s ]
INFO: [ action_begin ] --END-- [ RunTime:0.005000s ]
NOTIC: [2048] Declaration of Common\Model\HyFrameModel::find() should be compatible with Think\Model::find($options = Array) F:\PHP\wamp64\www\Marxism\Marxism\Application\Common\Model\HyFrameModel.class.php Á¨¨ 13 Ë°å.
NOTIC: [8] Undefined index: model F:\PHP\wamp64\www\Marxism\Marxism\Application\Common\Controller\HyFrameController.class.php Á¨¨ 42 Ë°å.
SQL: SHOW COLUMNS FROM `mar_frame_log` [ RunTime:0.0030s ]
SQL: SELECT `create_time` FROM `mar_frame_log` WHERE `user_id` = 38 AND `status` = 1 AND `controller` = 'HyStart' AND `action` = 'ajax' AND `description` LIKE '%ÊàêÂäü%' ORDER BY id desc LIMIT 2   [ RunTime:0.0150s ]
NOTIC: [8] Undefined offset: 1 F:\PHP\wamp64\www\Marxism\Marxism\Application\System\Controller\IndexController.class.php Á¨¨ 20 Ë°å.
SQL: SHOW COLUMNS FROM `mar_frame_notice` [ RunTime:0.0030s ]
NOTIC: [8] Undefined index: associate F:\PHP\wamp64\www\Marxism\Marxism\Application\Common\Model\HyFrameModel.class.php Á¨¨ 142 Ë°å.
NOTIC: [8] Undefined index: order F:\PHP\wamp64\www\Marxism\Marxism\Application\Common\Model\HyFrameModel.class.php Á¨¨ 163 Ë°å.
NOTIC: [8] Undefined variable: field F:\PHP\wamp64\www\Marxism\Marxism\Application\Common\Model\HyFrameModel.class.php Á¨¨ 182 Ë°å.
NOTIC: [8] Undefined index: where F:\PHP\wamp64\www\Marxism\Marxism\Application\Common\Model\HyFrameModel.class.php Á¨¨ 190 Ë°å.
NOTIC: [8] Undefined index: decrypt F:\PHP\wamp64\www\Marxism\Marxism\Application\Common\Model\HyFrameModel.class.php Á¨¨ 242 Ë°å.
NOTIC: [8] Undefined index: scope F:\PHP\wamp64\www\Marxism\Marxism\Application\Common\Model\HyFrameModel.class.php Á¨¨ 248 Ë°å.
NOTIC: [8] Undefined index: count F:\PHP\wamp64\www\Marxism\Marxism\Application\Common\Model\HyFrameModel.class.php Á¨¨ 249 Ë°å.
NOTIC: [8] Undefined index: find F:\PHP\wamp64\www\Marxism\Marxism\Application\Common\Model\HyFrameModel.class.php Á¨¨ 255 Ë°å.
SQL: SELECT `id`,`title`,`content`,`creator_id`,`file_id`,`create_time`,`update_time`,`status` FROM `mar_frame_notice` WHERE `status` = 1 ORDER BY id desc LIMIT 5   [ RunTime:0.0020s ]
INFO: [ before_view ] --START--
SQL: SHOW COLUMNS FROM `mar_frame_alert` [ RunTime:0.0030s ]
SQL: SELECT `id`,`category`,`icon`,`message`,`url`,`type`,`create_time` FROM `mar_frame_alert` where `to_users` LIKE '%,38,%' AND ( IFNULL(`read_users`,'')='' OR `read_users` NOT LIKE '%,38,%') AND `status`=1 ORDER BY `id` DESC [ RunTime:0.0010s ]
INFO: Run Common\Behavior\HyBeforeViewBehavior [ RunTime:0.021001s ]
INFO: [ before_view ] --END-- [ RunTime:0.022001s ]
INFO: [ view_parse ] --START--
INFO: [ template_filter ] --START--
INFO: Run Behavior\ContentReplaceBehavior [ RunTime:0.001000s ]
INFO: [ template_filter ] --END-- [ RunTime:0.002000s ]
INFO: Run Behavior\ParseTemplateBehavior [ RunTime:0.157009s ]
INFO: [ view_parse ] --END-- [ RunTime:0.158009s ]
INFO: [ view_filter ] --START--
INFO: Run Behavior\WriteHtmlCacheBehavior [ RunTime:0.003001s ]
INFO: [ view_filter ] --END-- [ RunTime:0.003001s ]
INFO: [ action_end ] --START--
INFO: Run Common\Behavior\HyLogBehavior [ RunTime:0.000000s ]
INFO: [ action_end ] --END-- [ RunTime:0.001000s ]
INFO: [ app_end ] --START--
INFO: Run Behavior\ShowPageTraceBehavior [ RunTime:0.003000s ]
INFO: [ app_end ] --END-- [ RunTime:0.003000s ]

[ 2016-10-04T22:11:25+08:00 ] ::1 /Marxism/Marxism/index.php/System/HyChat/ajax?q=list
INFO: [ app_init ] --START--
INFO: Run Behavior\BuildLiteBehavior [ RunTime:0.000000s ]
INFO: [ app_init ] --END-- [ RunTime:0.001000s ]
INFO: [ app_begin ] --START--
INFO: Run Behavior\ReadHtmlCacheBehavior [ RunTime:0.002000s ]
INFO: [ app_begin ] --END-- [ RunTime:0.002000s ]
NOTIC: [8192] mysql_connect(): The mysql extension is deprecated and will be removed in the future: use mysqli or PDO instead F:\PHP\wamp64\www\Marxism\Marxism\HomyitCore\Library\Think\Session\Driver\Db.class.php Á¨¨ 95 Ë°å.
INFO: [ action_begin ] --START--
INFO: Run Common\Behavior\HyLogBehavior [ RunTime:0.003000s ]
INFO: [ action_begin ] --END-- [ RunTime:0.003000s ]
NOTIC: [2048] Declaration of Common\Model\HyFrameModel::find() should be compatible with Think\Model::find($options = Array) F:\PHP\wamp64\www\Marxism\Marxism\Application\Common\Model\HyFrameModel.class.php Á¨¨ 13 Ë°å.
NOTIC: [8] Undefined index: model F:\PHP\wamp64\www\Marxism\Marxism\Application\Common\Controller\HyFrameController.class.php Á¨¨ 42 Ë°å.
ERR: SQLSTATE[42S02]: Base table or view not found: 1146 Table 'marxism_project.mar_frame_chat' doesn't exist

[ 2016-10-04T22:12:29+08:00 ] ::1 /Marxism/Marxism/index.php/System/HyStart/online?keepTry=dloQ7M5BVtI5jRQB1QM3T1Zt7hHzpjoICQGQB%2B6i%2F%2F4%3D6369168
INFO: [ app_init ] --START--
INFO: Run Behavior\BuildLiteBehavior [ RunTime:0.000000s ]
INFO: [ app_init ] --END-- [ RunTime:0.003000s ]
INFO: [ app_begin ] --START--
INFO: Run Behavior\ReadHtmlCacheBehavior [ RunTime:0.002000s ]
INFO: [ app_begin ] --END-- [ RunTime:0.003001s ]
NOTIC: [8192] mysql_connect(): The mysql extension is deprecated and will be removed in the future: use mysqli or PDO instead F:\PHP\wamp64\www\Marxism\Marxism\HomyitCore\Library\Think\Session\Driver\Db.class.php Á¨¨ 95 Ë°å.
INFO: [ action_begin ] --START--
INFO: Run Common\Behavior\HyLogBehavior [ RunTime:0.005000s ]
INFO: [ action_begin ] --END-- [ RunTime:0.005000s ]
NOTIC: [2048] Declaration of Common\Model\HyFrameModel::find() should be compatible with Think\Model::find($options = Array) F:\PHP\wamp64\www\Marxism\Marxism\Application\Common\Model\HyFrameModel.class.php Á¨¨ 13 Ë°å.
NOTIC: [8] Undefined index: model F:\PHP\wamp64\www\Marxism\Marxism\Application\Common\Controller\HyFrameController.class.php Á¨¨ 42 Ë°å.

