[ 2016-09-29T20:38:38+08:00 ] 127.0.0.1 /Marxism/Marxism/index.php/GoodCourse/CourseView/all.html
INFO: [ app_init ] --START--
INFO: Run Behavior\BuildLiteBehavior [ RunTime:0.001000s ]
INFO: [ app_init ] --END-- [ RunTime:0.008001s ]
ERR: 无法加载模块:GoodCourse

[ 2016-09-29T20:48:46+08:00 ] 127.0.0.1 /Marxism/Marxism/index.php/BasisInfo/Teacher/all.html
INFO: [ app_init ] --START--
INFO: Run Behavior\BuildLiteBehavior [ RunTime:0.000000s ]
INFO: [ app_init ] --END-- [ RunTime:0.002000s ]
ERR: 无法加载模块:BasisInfo

[ 2016-09-29T21:10:59+08:00 ] 127.0.0.1 /Marxism/Marxism/index.php/Website/Carousel/all.html
INFO: [ app_init ] --START--
INFO: Run Behavior\BuildLiteBehavior [ RunTime:0.000000s ]
INFO: [ app_init ] --END-- [ RunTime:0.003000s ]
ERR: 无法加载模块:Website

[ 2016-09-29T21:14:18+08:00 ] 127.0.0.1 /Marxism/Marxism/index.php/Category/Category/all.html
INFO: [ app_init ] --START--
INFO: Run Behavior\BuildLiteBehavior [ RunTime:0.000000s ]
INFO: [ app_init ] --END-- [ RunTime:0.002001s ]
ERR: 无法加载模块:Category

[ 2016-09-29T21:14:22+08:00 ] 127.0.0.1 /Marxism/Marxism/index.php/Category/Details/all.html
INFO: [ app_init ] --START--
INFO: Run Behavior\BuildLiteBehavior [ RunTime:0.000000s ]
INFO: [ app_init ] --END-- [ RunTime:0.002000s ]
ERR: 无法加载模块:Category

[ 2016-09-29T23:43:32+08:00 ] 127.0.0.1 /Marxism/Marxism/index.php/BasisInfo/Teacher/all.html
INFO: [ app_init ] --START--
INFO: Run Behavior\BuildLiteBehavior [ RunTime:0.000000s ]
INFO: [ app_init ] --END-- [ RunTime:0.003000s ]
ERR: 无法加载模块:BasisInfo

