[ 2016-10-04T22:06:59+08:00 ] ::1 /Marxism/Marxism/index.php/Achieve/Achiever/all.html
INFO: [ app_init ] --START--
INFO: Run Behavior\BuildLiteBehavior [ RunTime:0.000000s ]
INFO: [ app_init ] --END-- [ RunTime:0.002000s ]
INFO: [ app_begin ] --START--
INFO: Run Behavior\ReadHtmlCacheBehavior [ RunTime:0.003000s ]
INFO: [ app_begin ] --END-- [ RunTime:0.003000s ]
NOTIC: [8192] mysql_connect(): The mysql extension is deprecated and will be removed in the future: use mysqli or PDO instead F:\PHP\wamp64\www\Marxism\Marxism\HomyitCore\Library\Think\Session\Driver\Db.class.php 第 95 行.
INFO: [ action_begin ] --START--
INFO: Run Common\Behavior\HyLogBehavior [ RunTime:0.003000s ]
INFO: [ action_begin ] --END-- [ RunTime:0.004000s ]
NOTIC: [2048] Declaration of Common\Model\HyFrameModel::find() should be compatible with Think\Model::find($options = Array) F:\PHP\wamp64\www\Marxism\Marxism\Application\Common\Model\HyFrameModel.class.php 第 13 行.
SQL: SHOW COLUMNS FROM `mar_achiever` [ RunTime:0.0490s ]
INFO: [ hy_log ] --START--
NOTIC: [8] Undefined variable: sql F:\PHP\wamp64\www\Marxism\Marxism\Application\Common\Behavior\HyLogBehavior.class.php 第 31 行.
INFO: Run Common\Behavior\HyLogBehavior [ RunTime:0.000000s ]
INFO: [ hy_log ] --END-- [ RunTime:0.001000s ]
INFO: [ hy_log ] --START--
NOTIC: [8] Undefined index: style F:\PHP\wamp64\www\Marxism\Marxism\Application\Common\Behavior\HyLogBehavior.class.php 第 23 行.
NOTIC: [8] Undefined index: sql F:\PHP\wamp64\www\Marxism\Marxism\Application\Common\Behavior\HyLogBehavior.class.php 第 25 行.
INFO: Run Common\Behavior\HyLogBehavior [ RunTime:0.000000s ]
INFO: [ hy_log ] --END-- [ RunTime:0.000000s ]
NOTIC: [8] Undefined index: all F:\PHP\wamp64\www\Marxism\Marxism\Application\Common\Model\HyAllModel.class.php 第 922 行.
NOTIC: [8] Undefined index: tips F:\PHP\wamp64\www\Marxism\Marxism\Application\Common\Model\HyAllModel.class.php 第 452 行.
NOTIC: [8] Undefined index: type F:\PHP\wamp64\www\Marxism\Marxism\Application\Common\Model\HyAllModel.class.php 第 428 行.
NOTIC: [8] Undefined index: type F:\PHP\wamp64\www\Marxism\Marxism\Application\Common\Model\HyAllModel.class.php 第 432 行.
NOTIC: [8] Undefined index: title F:\PHP\wamp64\www\Marxism\Marxism\Application\Common\Model\HyAllModel.class.php 第 425 行.
NOTIC: [8] Undefined index: list F:\PHP\wamp64\www\Marxism\Marxism\Application\Common\Model\HyAllModel.class.php 第 425 行.
NOTIC: [8] Undefined index: title F:\PHP\wamp64\www\Marxism\Marxism\Application\Common\Model\HyAllModel.class.php 第 426 行.
NOTIC: [8] Undefined index: search F:\PHP\wamp64\www\Marxism\Marxism\Application\Common\Model\HyAllModel.class.php 第 428 行.
NOTIC: [8] Undefined index: title F:\PHP\wamp64\www\Marxism\Marxism\Application\Common\Model\HyAllModel.class.php 第 425 行.
NOTIC: [8] Undefined index: list F:\PHP\wamp64\www\Marxism\Marxism\Application\Common\Model\HyAllModel.class.php 第 425 行.
NOTIC: [8] Undefined index: title F:\PHP\wamp64\www\Marxism\Marxism\Application\Common\Model\HyAllModel.class.php 第 426 行.
NOTIC: [8] Undefined index: search F:\PHP\wamp64\www\Marxism\Marxism\Application\Common\Model\HyAllModel.class.php 第 428 行.
NOTIC: [8] Undefined index: initJS F:\PHP\wamp64\www\Marxism\Marxism\Application\Common\Model\HyAllModel.class.php 第 356 行.
INFO: [ before_view ] --START--
SQL: SHOW COLUMNS FROM `mar_frame_alert` [ RunTime:0.0070s ]
SQL: SELECT `id`,`category`,`icon`,`message`,`url`,`type`,`create_time` FROM `mar_frame_alert` where `to_users` LIKE '%,18,%' AND ( IFNULL(`read_users`,'')='' OR `read_users` NOT LIKE '%,18,%') AND `status`=1 ORDER BY `id` DESC [ RunTime:0.0020s ]
INFO: Run Common\Behavior\HyBeforeViewBehavior [ RunTime:0.021001s ]
INFO: [ before_view ] --END-- [ RunTime:0.023002s ]
INFO: [ view_parse ] --START--
INFO: [ template_filter ] --START--
INFO: Run Behavior\ContentReplaceBehavior [ RunTime:0.001000s ]
INFO: [ template_filter ] --END-- [ RunTime:0.001000s ]
NOTIC: [8] Undefined variable: _middle F:\PHP\wamp64\www\Marxism\Marxism\Runtime\Cache\Achieve\9c07dc003a2105c82c74ba68c02f614c.php 第 204 行.
NOTIC: [8] Undefined variable: _bottom F:\PHP\wamp64\www\Marxism\Marxism\Runtime\Cache\Achieve\9c07dc003a2105c82c74ba68c02f614c.php 第 223 行.
NOTIC: [8] Undefined variable: _script F:\PHP\wamp64\www\Marxism\Marxism\Runtime\Cache\Achieve\9c07dc003a2105c82c74ba68c02f614c.php 第 282 行.
NOTIC: [8] Undefined variable: hyMenu F:\PHP\wamp64\www\Marxism\Marxism\Runtime\Cache\Achieve\9c07dc003a2105c82c74ba68c02f614c.php 第 295 行.
INFO: Run Behavior\ParseTemplateBehavior [ RunTime:0.125007s ]
INFO: [ view_parse ] --END-- [ RunTime:0.127007s ]
INFO: [ view_filter ] --START--
INFO: Run Behavior\WriteHtmlCacheBehavior [ RunTime:0.010001s ]
INFO: [ view_filter ] --END-- [ RunTime:0.011001s ]
INFO: [ app_end ] --START--
INFO: Run Behavior\ShowPageTraceBehavior [ RunTime:0.020001s ]
INFO: [ app_end ] --END-- [ RunTime:0.020001s ]

[ 2016-10-04T22:07:00+08:00 ] ::1 /Marxism/Marxism/index.php/Achieve/Achiever/favicon.ico
INFO: [ app_init ] --START--
INFO: Run Behavior\BuildLiteBehavior [ RunTime:0.000000s ]
INFO: [ app_init ] --END-- [ RunTime:0.002000s ]

[ 2016-10-04T22:07:01+08:00 ] ::1 /Marxism/Marxism/index.php/Achieve/Achiever/ajax?q=list
INFO: [ app_init ] --START--
INFO: Run Behavior\BuildLiteBehavior [ RunTime:0.000000s ]
INFO: [ app_init ] --END-- [ RunTime:0.003001s ]
INFO: [ app_begin ] --START--
INFO: Run Behavior\ReadHtmlCacheBehavior [ RunTime:0.002001s ]
INFO: [ app_begin ] --END-- [ RunTime:0.002001s ]
NOTIC: [8192] mysql_connect(): The mysql extension is deprecated and will be removed in the future: use mysqli or PDO instead F:\PHP\wamp64\www\Marxism\Marxism\HomyitCore\Library\Think\Session\Driver\Db.class.php 第 95 行.
INFO: [ action_begin ] --START--
INFO: Run Common\Behavior\HyLogBehavior [ RunTime:0.003000s ]
INFO: [ action_begin ] --END-- [ RunTime:0.004000s ]
NOTIC: [2048] Declaration of Common\Model\HyFrameModel::find() should be compatible with Think\Model::find($options = Array) F:\PHP\wamp64\www\Marxism\Marxism\Application\Common\Model\HyFrameModel.class.php 第 13 行.
SQL: SHOW COLUMNS FROM `mar_achiever` [ RunTime:0.1740s ]
INFO: [ hy_log ] --START--
NOTIC: [8] Undefined variable: sql F:\PHP\wamp64\www\Marxism\Marxism\Application\Common\Behavior\HyLogBehavior.class.php 第 31 行.
INFO: Run Common\Behavior\HyLogBehavior [ RunTime:0.000000s ]
INFO: [ hy_log ] --END-- [ RunTime:0.001000s ]
INFO: [ hy_log ] --START--
NOTIC: [8] Undefined index: style F:\PHP\wamp64\www\Marxism\Marxism\Application\Common\Behavior\HyLogBehavior.class.php 第 23 行.
NOTIC: [8] Undefined index: sql F:\PHP\wamp64\www\Marxism\Marxism\Application\Common\Behavior\HyLogBehavior.class.php 第 25 行.
INFO: Run Common\Behavior\HyLogBehavior [ RunTime:0.001000s ]
INFO: [ hy_log ] --END-- [ RunTime:0.000000s ]
NOTIC: [8] Undefined index: associate F:\PHP\wamp64\www\Marxism\Marxism\Application\Common\Model\HyFrameModel.class.php 第 142 行.
NOTIC: [8] Undefined index: associate F:\PHP\wamp64\www\Marxism\Marxism\Application\Common\Model\HyFrameModel.class.php 第 142 行.
NOTIC: [8] Undefined index: limit F:\PHP\wamp64\www\Marxism\Marxism\Application\Common\Model\HyFrameModel.class.php 第 161 行.
NOTIC: [8] Undefined index: order F:\PHP\wamp64\www\Marxism\Marxism\Application\Common\Model\HyFrameModel.class.php 第 163 行.
NOTIC: [8] Undefined variable: field F:\PHP\wamp64\www\Marxism\Marxism\Application\Common\Model\HyFrameModel.class.php 第 182 行.
NOTIC: [8] Undefined index: where F:\PHP\wamp64\www\Marxism\Marxism\Application\Common\Model\HyFrameModel.class.php 第 190 行.
NOTIC: [8] Undefined index: decrypt F:\PHP\wamp64\www\Marxism\Marxism\Application\Common\Model\HyFrameModel.class.php 第 242 行.
SQL: SELECT 1 FROM `mar_achiever` WHERE `status` = 1 AND `id` > 0  [ RunTime:0.0010s ]
INFO: [ hy_log ] --START--
NOTIC: [8] Undefined index: style F:\PHP\wamp64\www\Marxism\Marxism\Application\Common\Behavior\HyLogBehavior.class.php 第 23 行.
NOTIC: [8] Undefined index: sql F:\PHP\wamp64\www\Marxism\Marxism\Application\Common\Behavior\HyLogBehavior.class.php 第 25 行.
INFO: Run Common\Behavior\HyLogBehavior [ RunTime:0.000000s ]
INFO: [ hy_log ] --END-- [ RunTime:-0.007000s ]
NOTIC: [8] Undefined index: hy F:\PHP\wamp64\www\Marxism\Marxism\Application\Common\Model\HyFrameModel.class.php 第 141 行.
NOTIC: [8] Undefined index: associate F:\PHP\wamp64\www\Marxism\Marxism\Application\Common\Model\HyFrameModel.class.php 第 142 行.
SQL: SELECT `id`,`name`,`photo_id`,`awards`,`boss_id`,`message`,`status` FROM `mar_achiever` WHERE `status` = 1 AND `id` > 0 ORDER BY id desc LIMIT 10   [ RunTime:0.0010s ]
NOTIC: [8] Undefined index: hidden F:\PHP\wamp64\www\Marxism\Marxism\Application\Common\Model\HyAllModel.class.php 第 595 行.
NOTIC: [8] Undefined index: hidden F:\PHP\wamp64\www\Marxism\Marxism\Application\Common\Model\HyAllModel.class.php 第 595 行.
NOTIC: [8] Undefined index: title F:\PHP\wamp64\www\Marxism\Marxism\Application\Common\Model\HyAllModel.class.php 第 595 行.
NOTIC: [8] Undefined index: title F:\PHP\wamp64\www\Marxism\Marxism\Application\Common\Model\HyAllModel.class.php 第 595 行.
NOTIC: [8] Undefined index: {callback} F:\PHP\wamp64\www\Marxism\Marxism\Application\Common\Model\HyAllModel.class.php 第 806 行.
NOTIC: [8] Undefined index: callback F:\PHP\wamp64\www\Marxism\Marxism\Application\Common\Model\HyAllModel.class.php 第 605 行.
NOTIC: [8] Undefined index: list F:\PHP\wamp64\www\Marxism\Marxism\Application\Common\Model\HyAllModel.class.php 第 605 行.
NOTIC: [8] Undefined index: list F:\PHP\wamp64\www\Marxism\Marxism\Application\Common\Model\HyAllModel.class.php 第 605 行.
NOTIC: [8] Undefined index: {callback} F:\PHP\wamp64\www\Marxism\Marxism\Application\Common\Model\HyAllModel.class.php 第 806 行.
NOTIC: [8] Undefined index: callback F:\PHP\wamp64\www\Marxism\Marxism\Application\Common\Model\HyAllModel.class.php 第 605 行.
NOTIC: [8] Undefined index: list F:\PHP\wamp64\www\Marxism\Marxism\Application\Common\Model\HyAllModel.class.php 第 605 行.
NOTIC: [8] Undefined index: list F:\PHP\wamp64\www\Marxism\Marxism\Application\Common\Model\HyAllModel.class.php 第 605 行.
NOTIC: [8] Undefined index: {callback} F:\PHP\wamp64\www\Marxism\Marxism\Application\Common\Model\HyAllModel.class.php 第 806 行.
NOTIC: [8] Undefined index: callback F:\PHP\wamp64\www\Marxism\Marxism\Application\Common\Model\HyAllModel.class.php 第 605 行.
NOTIC: [8] Undefined index: list F:\PHP\wamp64\www\Marxism\Marxism\Application\Common\Model\HyAllModel.class.php 第 605 行.
NOTIC: [8] Undefined index: list F:\PHP\wamp64\www\Marxism\Marxism\Application\Common\Model\HyAllModel.class.php 第 605 行.
NOTIC: [8] Undefined index: {callback} F:\PHP\wamp64\www\Marxism\Marxism\Application\Common\Model\HyAllModel.class.php 第 806 行.
NOTIC: [8] Undefined index: callback F:\PHP\wamp64\www\Marxism\Marxism\Application\Common\Model\HyAllModel.class.php 第 605 行.
NOTIC: [8] Undefined index: list F:\PHP\wamp64\www\Marxism\Marxism\Application\Common\Model\HyAllModel.class.php 第 605 行.
NOTIC: [8] Undefined index: list F:\PHP\wamp64\www\Marxism\Marxism\Application\Common\Model\HyAllModel.class.php 第 605 行.
NOTIC: [8] Undefined index: {callback} F:\PHP\wamp64\www\Marxism\Marxism\Application\Common\Model\HyAllModel.class.php 第 806 行.
NOTIC: [8] Undefined index: callback F:\PHP\wamp64\www\Marxism\Marxism\Application\Common\Model\HyAllModel.class.php 第 605 行.
NOTIC: [8] Undefined index: list F:\PHP\wamp64\www\Marxism\Marxism\Application\Common\Model\HyAllModel.class.php 第 605 行.
NOTIC: [8] Undefined index: list F:\PHP\wamp64\www\Marxism\Marxism\Application\Common\Model\HyAllModel.class.php 第 605 行.
NOTIC: [8] Undefined index: {callback} F:\PHP\wamp64\www\Marxism\Marxism\Application\Common\Model\HyAllModel.class.php 第 806 行.
NOTIC: [8] Undefined index: callback F:\PHP\wamp64\www\Marxism\Marxism\Application\Common\Model\HyAllModel.class.php 第 605 行.
NOTIC: [8] Undefined index: list F:\PHP\wamp64\www\Marxism\Marxism\Application\Common\Model\HyAllModel.class.php 第 605 行.
NOTIC: [8] Undefined index: list F:\PHP\wamp64\www\Marxism\Marxism\Application\Common\Model\HyAllModel.class.php 第 605 行.
NOTIC: [8] Undefined index: info F:\PHP\wamp64\www\Marxism\Marxism\Application\Common\Model\HyAllModel.class.php 第 470 行.
INFO: [ hy_log ] --START--
INFO: Run Common\Behavior\HyLogBehavior [ RunTime:0.000000s ]
INFO: [ hy_log ] --END-- [ RunTime:-0.022001s ]

[ 2016-10-04T22:07:03+08:00 ] ::1 /Marxism/Marxism/index.php/Achieve/Achiever/ajax?q=detail
INFO: [ app_init ] --START--
INFO: Run Behavior\BuildLiteBehavior [ RunTime:0.000000s ]
INFO: [ app_init ] --END-- [ RunTime:0.003000s ]
INFO: [ app_begin ] --START--
INFO: Run Behavior\ReadHtmlCacheBehavior [ RunTime:0.003001s ]
INFO: [ app_begin ] --END-- [ RunTime:0.004001s ]
NOTIC: [8192] mysql_connect(): The mysql extension is deprecated and will be removed in the future: use mysqli or PDO instead F:\PHP\wamp64\www\Marxism\Marxism\HomyitCore\Library\Think\Session\Driver\Db.class.php 第 95 行.
INFO: [ action_begin ] --START--
INFO: Run Common\Behavior\HyLogBehavior [ RunTime:0.004000s ]
INFO: [ action_begin ] --END-- [ RunTime:0.004000s ]
NOTIC: [2048] Declaration of Common\Model\HyFrameModel::find() should be compatible with Think\Model::find($options = Array) F:\PHP\wamp64\www\Marxism\Marxism\Application\Common\Model\HyFrameModel.class.php 第 13 行.
SQL: SHOW COLUMNS FROM `mar_achiever` [ RunTime:0.0150s ]
INFO: [ hy_log ] --START--
NOTIC: [8] Undefined variable: sql F:\PHP\wamp64\www\Marxism\Marxism\Application\Common\Behavior\HyLogBehavior.class.php 第 31 行.
INFO: Run Common\Behavior\HyLogBehavior [ RunTime:0.000000s ]
INFO: [ hy_log ] --END-- [ RunTime:0.000000s ]
INFO: [ hy_log ] --START--
NOTIC: [8] Undefined index: style F:\PHP\wamp64\www\Marxism\Marxism\Application\Common\Behavior\HyLogBehavior.class.php 第 23 行.
NOTIC: [8] Undefined index: sql F:\PHP\wamp64\www\Marxism\Marxism\Application\Common\Behavior\HyLogBehavior.class.php 第 25 行.
INFO: Run Common\Behavior\HyLogBehavior [ RunTime:0.000000s ]
INFO: [ hy_log ] --END-- [ RunTime:-0.001000s ]
INFO: [ hy_log ] --START--
NOTIC: [8] Undefined index: style F:\PHP\wamp64\www\Marxism\Marxism\Application\Common\Behavior\HyLogBehavior.class.php 第 23 行.
NOTIC: [8] Undefined index: sql F:\PHP\wamp64\www\Marxism\Marxism\Application\Common\Behavior\HyLogBehavior.class.php 第 25 行.
INFO: Run Common\Behavior\HyLogBehavior [ RunTime:0.000000s ]
INFO: [ hy_log ] --END-- [ RunTime:-0.002000s ]
NOTIC: [2] Missing argument 1 for Common\Model\HyFrameModel::find(), called in F:\PHP\wamp64\www\Marxism\Marxism\Application\Achieve\Model\AchieverModel.class.php on line 134 and defined F:\PHP\wamp64\www\Marxism\Marxism\Application\Common\Model\HyFrameModel.class.php 第 272 行.
NOTIC: [8] Undefined variable: options F:\PHP\wamp64\www\Marxism\Marxism\Application\Common\Model\HyFrameModel.class.php 第 273 行.
NOTIC: [8] Undefined variable: options F:\PHP\wamp64\www\Marxism\Marxism\Application\Common\Model\HyFrameModel.class.php 第 274 行.
NOTIC: [8] Undefined index: hy F:\PHP\wamp64\www\Marxism\Marxism\Application\Common\Model\HyFrameModel.class.php 第 141 行.
NOTIC: [8] Undefined index: order F:\PHP\wamp64\www\Marxism\Marxism\Application\Common\Model\HyFrameModel.class.php 第 163 行.
NOTIC: [8] Undefined index: field F:\PHP\wamp64\www\Marxism\Marxism\Application\Common\Model\HyFrameModel.class.php 第 171 行.
NOTIC: [8] Undefined offset: 4 F:\PHP\wamp64\www\Marxism\Marxism\Application\Common\Model\HyFrameModel.class.php 第 215 行.
NOTIC: [8] Undefined offset: 5 F:\PHP\wamp64\www\Marxism\Marxism\Application\Common\Model\HyFrameModel.class.php 第 221 行.
NOTIC: [8] Undefined offset: 4 F:\PHP\wamp64\www\Marxism\Marxism\Application\Common\Model\HyFrameModel.class.php 第 222 行.
NOTIC: [8] Undefined index: decrypt F:\PHP\wamp64\www\Marxism\Marxism\Application\Common\Model\HyFrameModel.class.php 第 242 行.
NOTIC: [8] Undefined index: scope F:\PHP\wamp64\www\Marxism\Marxism\Application\Common\Model\HyFrameModel.class.php 第 248 行.
NOTIC: [8] Undefined index: count F:\PHP\wamp64\www\Marxism\Marxism\Application\Common\Model\HyFrameModel.class.php 第 249 行.
SQL: SHOW COLUMNS FROM `mar_achiever` [ RunTime:0.0040s ]
SQL: SELECT hy.id,hy.name,hy.photo_id,hy.awards,hy.boss_id,hy.message,hy.status,frame_file.savepath,frame_file.savename,frame_file.id FROM `mar_achiever` `hy` INNER JOIN `mar_frame_file` AS `frame_file` ON hy.photo_id = frame_file.id  WHERE hy.id = '10007' LIMIT 1   [ RunTime:0.0480s ]
NOTIC: [8] Undefined variable: tpl F:\PHP\wamp64\www\Marxism\Marxism\Application\Common\Controller\HyAllController.class.php 第 90 行.
INFO: [ before_view ] --START--
SQL: SHOW COLUMNS FROM `mar_frame_alert` [ RunTime:0.0070s ]
SQL: SELECT `id`,`category`,`icon`,`message`,`url`,`type`,`create_time` FROM `mar_frame_alert` where `to_users` LIKE '%,18,%' AND ( IFNULL(`read_users`,'')='' OR `read_users` NOT LIKE '%,18,%') AND `status`=1 ORDER BY `id` DESC [ RunTime:0.0010s ]
INFO: Run Common\Behavior\HyBeforeViewBehavior [ RunTime:0.017001s ]
INFO: [ before_view ] --END-- [ RunTime:0.017001s ]
INFO: [ view_parse ] --START--
INFO: [ template_filter ] --START--
INFO: Run Behavior\ContentReplaceBehavior [ RunTime:0.000000s ]
INFO: [ template_filter ] --END-- [ RunTime:0.000000s ]
NOTIC: [8] Undefined index: cols F:\PHP\wamp64\www\Marxism\Marxism\Runtime\Cache\Achieve\c6d80dac29f4bb3371a39f454a43cf44.php 第 13 行.
NOTIC: [8] Undefined index: cols F:\PHP\wamp64\www\Marxism\Marxism\Runtime\Cache\Achieve\c6d80dac29f4bb3371a39f454a43cf44.php 第 13 行.
NOTIC: [8] Undefined index: cols F:\PHP\wamp64\www\Marxism\Marxism\Runtime\Cache\Achieve\c6d80dac29f4bb3371a39f454a43cf44.php 第 30 行.
NOTIC: [8] Undefined index: cols F:\PHP\wamp64\www\Marxism\Marxism\Runtime\Cache\Achieve\c6d80dac29f4bb3371a39f454a43cf44.php 第 30 行.
NOTIC: [8] Undefined index: json F:\PHP\wamp64\www\Marxism\Marxism\Runtime\Cache\Achieve\c6d80dac29f4bb3371a39f454a43cf44.php 第 47 行.
INFO: Run Behavior\ParseTemplateBehavior [ RunTime:0.087005s ]
INFO: [ view_parse ] --END-- [ RunTime:0.087005s ]
INFO: [ view_filter ] --START--
INFO: Run Behavior\WriteHtmlCacheBehavior [ RunTime:0.002000s ]
INFO: [ view_filter ] --END-- [ RunTime:0.002000s ]
INFO: [ app_end ] --START--
INFO: Run Behavior\ShowPageTraceBehavior [ RunTime:0.003001s ]
INFO: [ app_end ] --END-- [ RunTime:0.003001s ]

[ 2016-10-04T22:07:04+08:00 ] ::1 /Marxism/Marxism/index.php/Achieve/Achiever/Marxism/Public/uploads/2016-09-29/57ed1535eb6c7.jpg
INFO: [ app_init ] --START--
INFO: Run Behavior\BuildLiteBehavior [ RunTime:0.000000s ]
INFO: [ app_init ] --END-- [ RunTime:0.002000s ]

[ 2016-10-04T22:11:28+08:00 ] ::1 /Marxism/Marxism/index.php/Achieve/Achiever/all.html
INFO: [ app_init ] --START--
INFO: Run Behavior\BuildLiteBehavior [ RunTime:0.000000s ]
INFO: [ app_init ] --END-- [ RunTime:0.002000s ]
INFO: [ app_begin ] --START--
INFO: Run Behavior\ReadHtmlCacheBehavior [ RunTime:0.003000s ]
INFO: [ app_begin ] --END-- [ RunTime:0.003000s ]
NOTIC: [8192] mysql_connect(): The mysql extension is deprecated and will be removed in the future: use mysqli or PDO instead F:\PHP\wamp64\www\Marxism\Marxism\HomyitCore\Library\Think\Session\Driver\Db.class.php 第 95 行.
INFO: [ action_begin ] --START--
INFO: Run Common\Behavior\HyLogBehavior [ RunTime:0.003000s ]
INFO: [ action_begin ] --END-- [ RunTime:0.003000s ]
NOTIC: [2048] Declaration of Common\Model\HyFrameModel::find() should be compatible with Think\Model::find($options = Array) F:\PHP\wamp64\www\Marxism\Marxism\Application\Common\Model\HyFrameModel.class.php 第 13 行.
SQL: SHOW COLUMNS FROM `mar_achiever` [ RunTime:0.0100s ]
INFO: [ hy_log ] --START--
NOTIC: [8] Undefined variable: sql F:\PHP\wamp64\www\Marxism\Marxism\Application\Common\Behavior\HyLogBehavior.class.php 第 31 行.
INFO: Run Common\Behavior\HyLogBehavior [ RunTime:0.000000s ]
INFO: [ hy_log ] --END-- [ RunTime:0.002000s ]
INFO: [ hy_log ] --START--
NOTIC: [8] Undefined index: style F:\PHP\wamp64\www\Marxism\Marxism\Application\Common\Behavior\HyLogBehavior.class.php 第 23 行.
NOTIC: [8] Undefined index: sql F:\PHP\wamp64\www\Marxism\Marxism\Application\Common\Behavior\HyLogBehavior.class.php 第 25 行.
INFO: Run Common\Behavior\HyLogBehavior [ RunTime:0.001000s ]
INFO: [ hy_log ] --END-- [ RunTime:0.000000s ]
NOTIC: [8] Undefined index: all F:\PHP\wamp64\www\Marxism\Marxism\Application\Common\Model\HyAllModel.class.php 第 922 行.
NOTIC: [8] Undefined index: tips F:\PHP\wamp64\www\Marxism\Marxism\Application\Common\Model\HyAllModel.class.php 第 452 行.
NOTIC: [8] Undefined index: type F:\PHP\wamp64\www\Marxism\Marxism\Application\Common\Model\HyAllModel.class.php 第 428 行.
NOTIC: [8] Undefined index: type F:\PHP\wamp64\www\Marxism\Marxism\Application\Common\Model\HyAllModel.class.php 第 432 行.
NOTIC: [8] Undefined index: title F:\PHP\wamp64\www\Marxism\Marxism\Application\Common\Model\HyAllModel.class.php 第 425 行.
NOTIC: [8] Undefined index: list F:\PHP\wamp64\www\Marxism\Marxism\Application\Common\Model\HyAllModel.class.php 第 425 行.
NOTIC: [8] Undefined index: title F:\PHP\wamp64\www\Marxism\Marxism\Application\Common\Model\HyAllModel.class.php 第 426 行.
NOTIC: [8] Undefined index: search F:\PHP\wamp64\www\Marxism\Marxism\Application\Common\Model\HyAllModel.class.php 第 428 行.
NOTIC: [8] Undefined index: title F:\PHP\wamp64\www\Marxism\Marxism\Application\Common\Model\HyAllModel.class.php 第 425 行.
NOTIC: [8] Undefined index: list F:\PHP\wamp64\www\Marxism\Marxism\Application\Common\Model\HyAllModel.class.php 第 425 行.
NOTIC: [8] Undefined index: title F:\PHP\wamp64\www\Marxism\Marxism\Application\Common\Model\HyAllModel.class.php 第 426 行.
NOTIC: [8] Undefined index: search F:\PHP\wamp64\www\Marxism\Marxism\Application\Common\Model\HyAllModel.class.php 第 428 行.
NOTIC: [8] Undefined index: initJS F:\PHP\wamp64\www\Marxism\Marxism\Application\Common\Model\HyAllModel.class.php 第 356 行.
INFO: [ before_view ] --START--
SQL: SHOW COLUMNS FROM `mar_frame_alert` [ RunTime:0.0070s ]
SQL: SELECT `id`,`category`,`icon`,`message`,`url`,`type`,`create_time` FROM `mar_frame_alert` where `to_users` LIKE '%,38,%' AND ( IFNULL(`read_users`,'')='' OR `read_users` NOT LIKE '%,38,%') AND `status`=1 ORDER BY `id` DESC [ RunTime:0.0100s ]
INFO: Run Common\Behavior\HyBeforeViewBehavior [ RunTime:0.027002s ]
INFO: [ before_view ] --END-- [ RunTime:0.028002s ]
INFO: [ view_parse ] --START--
INFO: [ template_filter ] --START--
INFO: Run Behavior\ContentReplaceBehavior [ RunTime:0.001000s ]
INFO: [ template_filter ] --END-- [ RunTime:0.002000s ]
NOTIC: [8] Undefined variable: _middle F:\PHP\wamp64\www\Marxism\Marxism\Runtime\Cache\Achieve\9c07dc003a2105c82c74ba68c02f614c.php 第 204 行.
NOTIC: [8] Undefined variable: _bottom F:\PHP\wamp64\www\Marxism\Marxism\Runtime\Cache\Achieve\9c07dc003a2105c82c74ba68c02f614c.php 第 223 行.
NOTIC: [8] Undefined variable: _script F:\PHP\wamp64\www\Marxism\Marxism\Runtime\Cache\Achieve\9c07dc003a2105c82c74ba68c02f614c.php 第 282 行.
NOTIC: [8] Undefined variable: hyMenu F:\PHP\wamp64\www\Marxism\Marxism\Runtime\Cache\Achieve\9c07dc003a2105c82c74ba68c02f614c.php 第 295 行.
INFO: Run Behavior\ParseTemplateBehavior [ RunTime:0.109006s ]
INFO: [ view_parse ] --END-- [ RunTime:0.110006s ]
INFO: [ view_filter ] --START--
INFO: Run Behavior\WriteHtmlCacheBehavior [ RunTime:0.002000s ]
INFO: [ view_filter ] --END-- [ RunTime:0.003000s ]
INFO: [ app_end ] --START--
INFO: Run Behavior\ShowPageTraceBehavior [ RunTime:0.005001s ]
INFO: [ app_end ] --END-- [ RunTime:0.005001s ]

[ 2016-10-04T22:11:32+08:00 ] ::1 /Marxism/Marxism/index.php/Achieve/Achiever/ajax?q=list
INFO: [ app_init ] --START--
INFO: Run Behavior\BuildLiteBehavior [ RunTime:0.000000s ]
INFO: [ app_init ] --END-- [ RunTime:0.007000s ]
INFO: [ app_begin ] --START--
INFO: Run Behavior\ReadHtmlCacheBehavior [ RunTime:0.003000s ]
INFO: [ app_begin ] --END-- [ RunTime:0.003000s ]
NOTIC: [8192] mysql_connect(): The mysql extension is deprecated and will be removed in the future: use mysqli or PDO instead F:\PHP\wamp64\www\Marxism\Marxism\HomyitCore\Library\Think\Session\Driver\Db.class.php 第 95 行.
INFO: [ action_begin ] --START--
INFO: Run Common\Behavior\HyLogBehavior [ RunTime:0.003000s ]
INFO: [ action_begin ] --END-- [ RunTime:0.003000s ]
NOTIC: [2048] Declaration of Common\Model\HyFrameModel::find() should be compatible with Think\Model::find($options = Array) F:\PHP\wamp64\www\Marxism\Marxism\Application\Common\Model\HyFrameModel.class.php 第 13 行.
SQL: SHOW COLUMNS FROM `mar_achiever` [ RunTime:2.4151s ]
INFO: [ hy_log ] --START--
NOTIC: [8] Undefined variable: sql F:\PHP\wamp64\www\Marxism\Marxism\Application\Common\Behavior\HyLogBehavior.class.php 第 31 行.
INFO: Run Common\Behavior\HyLogBehavior [ RunTime:0.000000s ]
INFO: [ hy_log ] --END-- [ RunTime:0.001000s ]
INFO: [ hy_log ] --START--
NOTIC: [8] Undefined index: style F:\PHP\wamp64\www\Marxism\Marxism\Application\Common\Behavior\HyLogBehavior.class.php 第 23 行.
NOTIC: [8] Undefined index: sql F:\PHP\wamp64\www\Marxism\Marxism\Application\Common\Behavior\HyLogBehavior.class.php 第 25 行.
INFO: Run Common\Behavior\HyLogBehavior [ RunTime:0.000000s ]
INFO: [ hy_log ] --END-- [ RunTime:0.000000s ]
NOTIC: [8] Undefined index: associate F:\PHP\wamp64\www\Marxism\Marxism\Application\Common\Model\HyFrameModel.class.php 第 142 行.
NOTIC: [8] Undefined index: associate F:\PHP\wamp64\www\Marxism\Marxism\Application\Common\Model\HyFrameModel.class.php 第 142 行.
NOTIC: [8] Undefined index: limit F:\PHP\wamp64\www\Marxism\Marxism\Application\Common\Model\HyFrameModel.class.php 第 161 行.
NOTIC: [8] Undefined index: order F:\PHP\wamp64\www\Marxism\Marxism\Application\Common\Model\HyFrameModel.class.php 第 163 行.
NOTIC: [8] Undefined variable: field F:\PHP\wamp64\www\Marxism\Marxism\Application\Common\Model\HyFrameModel.class.php 第 182 行.
NOTIC: [8] Undefined index: where F:\PHP\wamp64\www\Marxism\Marxism\Application\Common\Model\HyFrameModel.class.php 第 190 行.
NOTIC: [8] Undefined index: decrypt F:\PHP\wamp64\www\Marxism\Marxism\Application\Common\Model\HyFrameModel.class.php 第 242 行.
SQL: SELECT 1 FROM `mar_achiever` WHERE `status` = 1 AND `id` > 0  [ RunTime:0.0010s ]
INFO: [ hy_log ] --START--
NOTIC: [8] Undefined index: style F:\PHP\wamp64\www\Marxism\Marxism\Application\Common\Behavior\HyLogBehavior.class.php 第 23 行.
NOTIC: [8] Undefined index: sql F:\PHP\wamp64\www\Marxism\Marxism\Application\Common\Behavior\HyLogBehavior.class.php 第 25 行.
INFO: Run Common\Behavior\HyLogBehavior [ RunTime:0.001000s ]
INFO: [ hy_log ] --END-- [ RunTime:-0.007001s ]
NOTIC: [8] Undefined index: hy F:\PHP\wamp64\www\Marxism\Marxism\Application\Common\Model\HyFrameModel.class.php 第 141 行.
NOTIC: [8] Undefined index: associate F:\PHP\wamp64\www\Marxism\Marxism\Application\Common\Model\HyFrameModel.class.php 第 142 行.
SQL: SELECT `id`,`name`,`photo_id`,`awards`,`boss_id`,`message`,`status` FROM `mar_achiever` WHERE `status` = 1 AND `id` > 0 ORDER BY id desc LIMIT 10   [ RunTime:0.0020s ]
NOTIC: [8] Undefined index: hidden F:\PHP\wamp64\www\Marxism\Marxism\Application\Common\Model\HyAllModel.class.php 第 595 行.
NOTIC: [8] Undefined index: hidden F:\PHP\wamp64\www\Marxism\Marxism\Application\Common\Model\HyAllModel.class.php 第 595 行.
NOTIC: [8] Undefined index: title F:\PHP\wamp64\www\Marxism\Marxism\Application\Common\Model\HyAllModel.class.php 第 595 行.
NOTIC: [8] Undefined index: title F:\PHP\wamp64\www\Marxism\Marxism\Application\Common\Model\HyAllModel.class.php 第 595 行.
NOTIC: [8] Undefined index: {callback} F:\PHP\wamp64\www\Marxism\Marxism\Application\Common\Model\HyAllModel.class.php 第 806 行.
NOTIC: [8] Undefined index: callback F:\PHP\wamp64\www\Marxism\Marxism\Application\Common\Model\HyAllModel.class.php 第 605 行.
NOTIC: [8] Undefined index: list F:\PHP\wamp64\www\Marxism\Marxism\Application\Common\Model\HyAllModel.class.php 第 605 行.
NOTIC: [8] Undefined index: list F:\PHP\wamp64\www\Marxism\Marxism\Application\Common\Model\HyAllModel.class.php 第 605 行.
NOTIC: [8] Undefined index: {callback} F:\PHP\wamp64\www\Marxism\Marxism\Application\Common\Model\HyAllModel.class.php 第 806 行.
NOTIC: [8] Undefined index: callback F:\PHP\wamp64\www\Marxism\Marxism\Application\Common\Model\HyAllModel.class.php 第 605 行.
NOTIC: [8] Undefined index: list F:\PHP\wamp64\www\Marxism\Marxism\Application\Common\Model\HyAllModel.class.php 第 605 行.
NOTIC: [8] Undefined index: list F:\PHP\wamp64\www\Marxism\Marxism\Application\Common\Model\HyAllModel.class.php 第 605 行.
NOTIC: [8] Undefined index: {callback} F:\PHP\wamp64\www\Marxism\Marxism\Application\Common\Model\HyAllModel.class.php 第 806 行.
NOTIC: [8] Undefined index: callback F:\PHP\wamp64\www\Marxism\Marxism\Application\Common\Model\HyAllModel.class.php 第 605 行.
NOTIC: [8] Undefined index: list F:\PHP\wamp64\www\Marxism\Marxism\Application\Common\Model\HyAllModel.class.php 第 605 行.
NOTIC: [8] Undefined index: list F:\PHP\wamp64\www\Marxism\Marxism\Application\Common\Model\HyAllModel.class.php 第 605 行.
NOTIC: [8] Undefined index: {callback} F:\PHP\wamp64\www\Marxism\Marxism\Application\Common\Model\HyAllModel.class.php 第 806 行.
NOTIC: [8] Undefined index: callback F:\PHP\wamp64\www\Marxism\Marxism\Application\Common\Model\HyAllModel.class.php 第 605 行.
NOTIC: [8] Undefined index: list F:\PHP\wamp64\www\Marxism\Marxism\Application\Common\Model\HyAllModel.class.php 第 605 行.
NOTIC: [8] Undefined index: list F:\PHP\wamp64\www\Marxism\Marxism\Application\Common\Model\HyAllModel.class.php 第 605 行.
NOTIC: [8] Undefined index: {callback} F:\PHP\wamp64\www\Marxism\Marxism\Application\Common\Model\HyAllModel.class.php 第 806 行.
NOTIC: [8] Undefined index: callback F:\PHP\wamp64\www\Marxism\Marxism\Application\Common\Model\HyAllModel.class.php 第 605 行.
NOTIC: [8] Undefined index: list F:\PHP\wamp64\www\Marxism\Marxism\Application\Common\Model\HyAllModel.class.php 第 605 行.
NOTIC: [8] Undefined index: list F:\PHP\wamp64\www\Marxism\Marxism\Application\Common\Model\HyAllModel.class.php 第 605 行.
NOTIC: [8] Undefined index: {callback} F:\PHP\wamp64\www\Marxism\Marxism\Application\Common\Model\HyAllModel.class.php 第 806 行.
NOTIC: [8] Undefined index: callback F:\PHP\wamp64\www\Marxism\Marxism\Application\Common\Model\HyAllModel.class.php 第 605 行.
NOTIC: [8] Undefined index: list F:\PHP\wamp64\www\Marxism\Marxism\Application\Common\Model\HyAllModel.class.php 第 605 行.
NOTIC: [8] Undefined index: list F:\PHP\wamp64\www\Marxism\Marxism\Application\Common\Model\HyAllModel.class.php 第 605 行.
NOTIC: [8] Undefined index: info F:\PHP\wamp64\www\Marxism\Marxism\Application\Common\Model\HyAllModel.class.php 第 470 行.
INFO: [ hy_log ] --START--
INFO: Run Common\Behavior\HyLogBehavior [ RunTime:0.000000s ]
INFO: [ hy_log ] --END-- [ RunTime:-0.037002s ]

[ 2016-10-04T22:13:15+08:00 ] ::1 /Marxism/Marxism/index.php/Achieve/Achiever/all.html
INFO: [ app_init ] --START--
INFO: Run Behavior\BuildLiteBehavior [ RunTime:0.000000s ]
INFO: [ app_init ] --END-- [ RunTime:0.003001s ]
INFO: [ app_begin ] --START--
INFO: Run Behavior\ReadHtmlCacheBehavior [ RunTime:0.004001s ]
INFO: [ app_begin ] --END-- [ RunTime:0.004001s ]
NOTIC: [8192] mysql_connect(): The mysql extension is deprecated and will be removed in the future: use mysqli or PDO instead F:\PHP\wamp64\www\Marxism\Marxism\HomyitCore\Library\Think\Session\Driver\Db.class.php 第 95 行.
INFO: [ action_begin ] --START--
INFO: Run Common\Behavior\HyLogBehavior [ RunTime:0.003000s ]
INFO: [ action_begin ] --END-- [ RunTime:0.004000s ]
NOTIC: [2048] Declaration of Common\Model\HyFrameModel::find() should be compatible with Think\Model::find($options = Array) F:\PHP\wamp64\www\Marxism\Marxism\Application\Common\Model\HyFrameModel.class.php 第 13 行.
SQL: SHOW COLUMNS FROM `mar_achiever` [ RunTime:0.0190s ]
INFO: [ hy_log ] --START--
NOTIC: [8] Undefined variable: sql F:\PHP\wamp64\www\Marxism\Marxism\Application\Common\Behavior\HyLogBehavior.class.php 第 31 行.
INFO: Run Common\Behavior\HyLogBehavior [ RunTime:0.001000s ]
INFO: [ hy_log ] --END-- [ RunTime:0.001000s ]
INFO: [ hy_log ] --START--
NOTIC: [8] Undefined index: style F:\PHP\wamp64\www\Marxism\Marxism\Application\Common\Behavior\HyLogBehavior.class.php 第 23 行.
NOTIC: [8] Undefined index: sql F:\PHP\wamp64\www\Marxism\Marxism\Application\Common\Behavior\HyLogBehavior.class.php 第 25 行.
INFO: Run Common\Behavior\HyLogBehavior [ RunTime:0.000000s ]
INFO: [ hy_log ] --END-- [ RunTime:0.000000s ]
NOTIC: [8] Undefined index: all F:\PHP\wamp64\www\Marxism\Marxism\Application\Common\Model\HyAllModel.class.php 第 922 行.
NOTIC: [8] Undefined index: tips F:\PHP\wamp64\www\Marxism\Marxism\Application\Common\Model\HyAllModel.class.php 第 452 行.
NOTIC: [8] Undefined index: type F:\PHP\wamp64\www\Marxism\Marxism\Application\Common\Model\HyAllModel.class.php 第 428 行.
NOTIC: [8] Undefined index: type F:\PHP\wamp64\www\Marxism\Marxism\Application\Common\Model\HyAllModel.class.php 第 432 行.
NOTIC: [8] Undefined index: title F:\PHP\wamp64\www\Marxism\Marxism\Application\Common\Model\HyAllModel.class.php 第 425 行.
NOTIC: [8] Undefined index: list F:\PHP\wamp64\www\Marxism\Marxism\Application\Common\Model\HyAllModel.class.php 第 425 行.
NOTIC: [8] Undefined index: title F:\PHP\wamp64\www\Marxism\Marxism\Application\Common\Model\HyAllModel.class.php 第 426 行.
NOTIC: [8] Undefined index: search F:\PHP\wamp64\www\Marxism\Marxism\Application\Common\Model\HyAllModel.class.php 第 428 行.
NOTIC: [8] Undefined index: title F:\PHP\wamp64\www\Marxism\Marxism\Application\Common\Model\HyAllModel.class.php 第 425 行.
NOTIC: [8] Undefined index: list F:\PHP\wamp64\www\Marxism\Marxism\Application\Common\Model\HyAllModel.class.php 第 425 行.
NOTIC: [8] Undefined index: title F:\PHP\wamp64\www\Marxism\Marxism\Application\Common\Model\HyAllModel.class.php 第 426 行.
NOTIC: [8] Undefined index: search F:\PHP\wamp64\www\Marxism\Marxism\Application\Common\Model\HyAllModel.class.php 第 428 行.
NOTIC: [8] Undefined index: initJS F:\PHP\wamp64\www\Marxism\Marxism\Application\Common\Model\HyAllModel.class.php 第 356 行.
INFO: [ before_view ] --START--
SQL: SHOW COLUMNS FROM `mar_frame_alert` [ RunTime:0.0080s ]
SQL: SELECT `id`,`category`,`icon`,`message`,`url`,`type`,`create_time` FROM `mar_frame_alert` where `to_users` LIKE '%,38,%' AND ( IFNULL(`read_users`,'')='' OR `read_users` NOT LIKE '%,38,%') AND `status`=1 ORDER BY `id` DESC [ RunTime:0.0010s ]
INFO: Run Common\Behavior\HyBeforeViewBehavior [ RunTime:0.018001s ]
INFO: [ before_view ] --END-- [ RunTime:0.019001s ]
INFO: [ view_parse ] --START--
INFO: [ template_filter ] --START--
INFO: Run Behavior\ContentReplaceBehavior [ RunTime:0.000000s ]
INFO: [ template_filter ] --END-- [ RunTime:0.001000s ]
NOTIC: [8] Undefined variable: _middle F:\PHP\wamp64\www\Marxism\Marxism\Runtime\Cache\Achieve\9c07dc003a2105c82c74ba68c02f614c.php 第 204 行.
NOTIC: [8] Undefined variable: _bottom F:\PHP\wamp64\www\Marxism\Marxism\Runtime\Cache\Achieve\9c07dc003a2105c82c74ba68c02f614c.php 第 223 行.
NOTIC: [8] Undefined variable: _script F:\PHP\wamp64\www\Marxism\Marxism\Runtime\Cache\Achieve\9c07dc003a2105c82c74ba68c02f614c.php 第 282 行.
NOTIC: [8] Undefined variable: hyMenu F:\PHP\wamp64\www\Marxism\Marxism\Runtime\Cache\Achieve\9c07dc003a2105c82c74ba68c02f614c.php 第 295 行.
INFO: Run Behavior\ParseTemplateBehavior [ RunTime:0.098005s ]
INFO: [ view_parse ] --END-- [ RunTime:0.098005s ]
INFO: [ view_filter ] --START--
INFO: Run Behavior\WriteHtmlCacheBehavior [ RunTime:0.002001s ]
INFO: [ view_filter ] --END-- [ RunTime:0.003001s ]
INFO: [ app_end ] --START--
INFO: Run Behavior\ShowPageTraceBehavior [ RunTime:0.004000s ]
INFO: [ app_end ] --END-- [ RunTime:0.004000s ]

[ 2016-10-04T22:13:17+08:00 ] ::1 /Marxism/Marxism/index.php/Achieve/Achiever/ajax?q=list
INFO: [ app_init ] --START--
INFO: Run Behavior\BuildLiteBehavior [ RunTime:0.000000s ]
INFO: [ app_init ] --END-- [ RunTime:0.003000s ]
INFO: [ app_begin ] --START--
INFO: Run Behavior\ReadHtmlCacheBehavior [ RunTime:0.002000s ]
INFO: [ app_begin ] --END-- [ RunTime:0.003000s ]
NOTIC: [8192] mysql_connect(): The mysql extension is deprecated and will be removed in the future: use mysqli or PDO instead F:\PHP\wamp64\www\Marxism\Marxism\HomyitCore\Library\Think\Session\Driver\Db.class.php 第 95 行.
INFO: [ action_begin ] --START--
INFO: Run Common\Behavior\HyLogBehavior [ RunTime:0.002000s ]
INFO: [ action_begin ] --END-- [ RunTime:0.002000s ]
NOTIC: [2048] Declaration of Common\Model\HyFrameModel::find() should be compatible with Think\Model::find($options = Array) F:\PHP\wamp64\www\Marxism\Marxism\Application\Common\Model\HyFrameModel.class.php 第 13 行.
SQL: SHOW COLUMNS FROM `mar_achiever` [ RunTime:0.0310s ]
INFO: [ hy_log ] --START--
NOTIC: [8] Undefined variable: sql F:\PHP\wamp64\www\Marxism\Marxism\Application\Common\Behavior\HyLogBehavior.class.php 第 31 行.
INFO: Run Common\Behavior\HyLogBehavior [ RunTime:0.000000s ]
INFO: [ hy_log ] --END-- [ RunTime:0.000000s ]
INFO: [ hy_log ] --START--
NOTIC: [8] Undefined index: style F:\PHP\wamp64\www\Marxism\Marxism\Application\Common\Behavior\HyLogBehavior.class.php 第 23 行.
NOTIC: [8] Undefined index: sql F:\PHP\wamp64\www\Marxism\Marxism\Application\Common\Behavior\HyLogBehavior.class.php 第 25 行.
INFO: Run Common\Behavior\HyLogBehavior [ RunTime:0.000000s ]
INFO: [ hy_log ] --END-- [ RunTime:0.000000s ]
NOTIC: [8] Undefined index: associate F:\PHP\wamp64\www\Marxism\Marxism\Application\Common\Model\HyFrameModel.class.php 第 142 行.
NOTIC: [8] Undefined index: associate F:\PHP\wamp64\www\Marxism\Marxism\Application\Common\Model\HyFrameModel.class.php 第 142 行.
NOTIC: [8] Undefined index: limit F:\PHP\wamp64\www\Marxism\Marxism\Application\Common\Model\HyFrameModel.class.php 第 161 行.
NOTIC: [8] Undefined index: order F:\PHP\wamp64\www\Marxism\Marxism\Application\Common\Model\HyFrameModel.class.php 第 163 行.
NOTIC: [8] Undefined variable: field F:\PHP\wamp64\www\Marxism\Marxism\Application\Common\Model\HyFrameModel.class.php 第 182 行.
NOTIC: [8] Undefined index: where F:\PHP\wamp64\www\Marxism\Marxism\Application\Common\Model\HyFrameModel.class.php 第 190 行.
NOTIC: [8] Undefined index: decrypt F:\PHP\wamp64\www\Marxism\Marxism\Application\Common\Model\HyFrameModel.class.php 第 242 行.
SQL: SELECT 1 FROM `mar_achiever` WHERE `status` = 1 AND `id` > 0  [ RunTime:0.0060s ]
INFO: [ hy_log ] --START--
NOTIC: [8] Undefined index: style F:\PHP\wamp64\www\Marxism\Marxism\Application\Common\Behavior\HyLogBehavior.class.php 第 23 行.
NOTIC: [8] Undefined index: sql F:\PHP\wamp64\www\Marxism\Marxism\Application\Common\Behavior\HyLogBehavior.class.php 第 25 行.
INFO: Run Common\Behavior\HyLogBehavior [ RunTime:0.000000s ]
INFO: [ hy_log ] --END-- [ RunTime:-0.010000s ]
NOTIC: [8] Undefined index: hy F:\PHP\wamp64\www\Marxism\Marxism\Application\Common\Model\HyFrameModel.class.php 第 141 行.
NOTIC: [8] Undefined index: associate F:\PHP\wamp64\www\Marxism\Marxism\Application\Common\Model\HyFrameModel.class.php 第 142 行.
SQL: SELECT `id`,`name`,`photo_id`,`awards`,`boss_id`,`message`,`status` FROM `mar_achiever` WHERE `status` = 1 AND `id` > 0 ORDER BY id desc LIMIT 10   [ RunTime:0.0020s ]
NOTIC: [8] Undefined index: hidden F:\PHP\wamp64\www\Marxism\Marxism\Application\Common\Model\HyAllModel.class.php 第 595 行.
NOTIC: [8] Undefined index: hidden F:\PHP\wamp64\www\Marxism\Marxism\Application\Common\Model\HyAllModel.class.php 第 595 行.
NOTIC: [8] Undefined index: title F:\PHP\wamp64\www\Marxism\Marxism\Application\Common\Model\HyAllModel.class.php 第 595 行.
NOTIC: [8] Undefined index: title F:\PHP\wamp64\www\Marxism\Marxism\Application\Common\Model\HyAllModel.class.php 第 595 行.
NOTIC: [8] Undefined index: {callback} F:\PHP\wamp64\www\Marxism\Marxism\Application\Common\Model\HyAllModel.class.php 第 806 行.
NOTIC: [8] Undefined index: callback F:\PHP\wamp64\www\Marxism\Marxism\Application\Common\Model\HyAllModel.class.php 第 605 行.
NOTIC: [8] Undefined index: list F:\PHP\wamp64\www\Marxism\Marxism\Application\Common\Model\HyAllModel.class.php 第 605 行.
NOTIC: [8] Undefined index: list F:\PHP\wamp64\www\Marxism\Marxism\Application\Common\Model\HyAllModel.class.php 第 605 行.
NOTIC: [8] Undefined index: {callback} F:\PHP\wamp64\www\Marxism\Marxism\Application\Common\Model\HyAllModel.class.php 第 806 行.
NOTIC: [8] Undefined index: callback F:\PHP\wamp64\www\Marxism\Marxism\Application\Common\Model\HyAllModel.class.php 第 605 行.
NOTIC: [8] Undefined index: list F:\PHP\wamp64\www\Marxism\Marxism\Application\Common\Model\HyAllModel.class.php 第 605 行.
NOTIC: [8] Undefined index: list F:\PHP\wamp64\www\Marxism\Marxism\Application\Common\Model\HyAllModel.class.php 第 605 行.
NOTIC: [8] Undefined index: {callback} F:\PHP\wamp64\www\Marxism\Marxism\Application\Common\Model\HyAllModel.class.php 第 806 行.
NOTIC: [8] Undefined index: callback F:\PHP\wamp64\www\Marxism\Marxism\Application\Common\Model\HyAllModel.class.php 第 605 行.
NOTIC: [8] Undefined index: list F:\PHP\wamp64\www\Marxism\Marxism\Application\Common\Model\HyAllModel.class.php 第 605 行.
NOTIC: [8] Undefined index: list F:\PHP\wamp64\www\Marxism\Marxism\Application\Common\Model\HyAllModel.class.php 第 605 行.
NOTIC: [8] Undefined index: {callback} F:\PHP\wamp64\www\Marxism\Marxism\Application\Common\Model\HyAllModel.class.php 第 806 行.
NOTIC: [8] Undefined index: callback F:\PHP\wamp64\www\Marxism\Marxism\Application\Common\Model\HyAllModel.class.php 第 605 行.
NOTIC: [8] Undefined index: list F:\PHP\wamp64\www\Marxism\Marxism\Application\Common\Model\HyAllModel.class.php 第 605 行.
NOTIC: [8] Undefined index: list F:\PHP\wamp64\www\Marxism\Marxism\Application\Common\Model\HyAllModel.class.php 第 605 行.
NOTIC: [8] Undefined index: {callback} F:\PHP\wamp64\www\Marxism\Marxism\Application\Common\Model\HyAllModel.class.php 第 806 行.
NOTIC: [8] Undefined index: callback F:\PHP\wamp64\www\Marxism\Marxism\Application\Common\Model\HyAllModel.class.php 第 605 行.
NOTIC: [8] Undefined index: list F:\PHP\wamp64\www\Marxism\Marxism\Application\Common\Model\HyAllModel.class.php 第 605 行.
NOTIC: [8] Undefined index: list F:\PHP\wamp64\www\Marxism\Marxism\Application\Common\Model\HyAllModel.class.php 第 605 行.
NOTIC: [8] Undefined index: {callback} F:\PHP\wamp64\www\Marxism\Marxism\Application\Common\Model\HyAllModel.class.php 第 806 行.
NOTIC: [8] Undefined index: callback F:\PHP\wamp64\www\Marxism\Marxism\Application\Common\Model\HyAllModel.class.php 第 605 行.
NOTIC: [8] Undefined index: list F:\PHP\wamp64\www\Marxism\Marxism\Application\Common\Model\HyAllModel.class.php 第 605 行.
NOTIC: [8] Undefined index: list F:\PHP\wamp64\www\Marxism\Marxism\Application\Common\Model\HyAllModel.class.php 第 605 行.
NOTIC: [8] Undefined index: info F:\PHP\wamp64\www\Marxism\Marxism\Application\Common\Model\HyAllModel.class.php 第 470 行.
INFO: [ hy_log ] --START--
INFO: Run Common\Behavior\HyLogBehavior [ RunTime:0.000000s ]
INFO: [ hy_log ] --END-- [ RunTime:-0.027001s ]

[ 2016-10-04T22:13:22+08:00 ] ::1 /Marxism/Marxism/index.php/Achieve/Achiever/ajax?q=detail
INFO: [ app_init ] --START--
INFO: Run Behavior\BuildLiteBehavior [ RunTime:0.000000s ]
INFO: [ app_init ] --END-- [ RunTime:0.004000s ]
INFO: [ app_begin ] --START--
INFO: Run Behavior\ReadHtmlCacheBehavior [ RunTime:0.002000s ]
INFO: [ app_begin ] --END-- [ RunTime:0.003000s ]
NOTIC: [8192] mysql_connect(): The mysql extension is deprecated and will be removed in the future: use mysqli or PDO instead F:\PHP\wamp64\www\Marxism\Marxism\HomyitCore\Library\Think\Session\Driver\Db.class.php 第 95 行.
INFO: [ action_begin ] --START--
INFO: Run Common\Behavior\HyLogBehavior [ RunTime:0.003000s ]
INFO: [ action_begin ] --END-- [ RunTime:0.003000s ]
NOTIC: [2048] Declaration of Common\Model\HyFrameModel::find() should be compatible with Think\Model::find($options = Array) F:\PHP\wamp64\www\Marxism\Marxism\Application\Common\Model\HyFrameModel.class.php 第 13 行.
SQL: SHOW COLUMNS FROM `mar_achiever` [ RunTime:0.0040s ]
INFO: [ hy_log ] --START--
NOTIC: [8] Undefined variable: sql F:\PHP\wamp64\www\Marxism\Marxism\Application\Common\Behavior\HyLogBehavior.class.php 第 31 行.
INFO: Run Common\Behavior\HyLogBehavior [ RunTime:0.000000s ]
INFO: [ hy_log ] --END-- [ RunTime:0.001000s ]
INFO: [ hy_log ] --START--
NOTIC: [8] Undefined index: style F:\PHP\wamp64\www\Marxism\Marxism\Application\Common\Behavior\HyLogBehavior.class.php 第 23 行.
NOTIC: [8] Undefined index: sql F:\PHP\wamp64\www\Marxism\Marxism\Application\Common\Behavior\HyLogBehavior.class.php 第 25 行.
INFO: Run Common\Behavior\HyLogBehavior [ RunTime:0.001000s ]
INFO: [ hy_log ] --END-- [ RunTime:-0.001000s ]
INFO: [ hy_log ] --START--
NOTIC: [8] Undefined index: style F:\PHP\wamp64\www\Marxism\Marxism\Application\Common\Behavior\HyLogBehavior.class.php 第 23 行.
NOTIC: [8] Undefined index: sql F:\PHP\wamp64\www\Marxism\Marxism\Application\Common\Behavior\HyLogBehavior.class.php 第 25 行.
INFO: Run Common\Behavior\HyLogBehavior [ RunTime:0.001000s ]
INFO: [ hy_log ] --END-- [ RunTime:-0.002000s ]
NOTIC: [2] Missing argument 1 for Common\Model\HyFrameModel::find(), called in F:\PHP\wamp64\www\Marxism\Marxism\Application\Achieve\Model\AchieverModel.class.php on line 134 and defined F:\PHP\wamp64\www\Marxism\Marxism\Application\Common\Model\HyFrameModel.class.php 第 272 行.
NOTIC: [8] Undefined variable: options F:\PHP\wamp64\www\Marxism\Marxism\Application\Common\Model\HyFrameModel.class.php 第 273 行.
NOTIC: [8] Undefined variable: options F:\PHP\wamp64\www\Marxism\Marxism\Application\Common\Model\HyFrameModel.class.php 第 274 行.
NOTIC: [8] Undefined index: hy F:\PHP\wamp64\www\Marxism\Marxism\Application\Common\Model\HyFrameModel.class.php 第 141 行.
NOTIC: [8] Undefined index: order F:\PHP\wamp64\www\Marxism\Marxism\Application\Common\Model\HyFrameModel.class.php 第 163 行.
NOTIC: [8] Undefined index: field F:\PHP\wamp64\www\Marxism\Marxism\Application\Common\Model\HyFrameModel.class.php 第 171 行.
NOTIC: [8] Undefined offset: 4 F:\PHP\wamp64\www\Marxism\Marxism\Application\Common\Model\HyFrameModel.class.php 第 215 行.
NOTIC: [8] Undefined offset: 5 F:\PHP\wamp64\www\Marxism\Marxism\Application\Common\Model\HyFrameModel.class.php 第 221 行.
NOTIC: [8] Undefined offset: 4 F:\PHP\wamp64\www\Marxism\Marxism\Application\Common\Model\HyFrameModel.class.php 第 222 行.
NOTIC: [8] Undefined index: decrypt F:\PHP\wamp64\www\Marxism\Marxism\Application\Common\Model\HyFrameModel.class.php 第 242 行.
NOTIC: [8] Undefined index: scope F:\PHP\wamp64\www\Marxism\Marxism\Application\Common\Model\HyFrameModel.class.php 第 248 行.
NOTIC: [8] Undefined index: count F:\PHP\wamp64\www\Marxism\Marxism\Application\Common\Model\HyFrameModel.class.php 第 249 行.
SQL: SHOW COLUMNS FROM `mar_achiever` [ RunTime:0.0030s ]
SQL: SELECT hy.id,hy.name,hy.photo_id,hy.awards,hy.boss_id,hy.message,hy.status,frame_file.savepath,frame_file.savename,frame_file.id FROM `mar_achiever` `hy` INNER JOIN `mar_frame_file` AS `frame_file` ON hy.photo_id = frame_file.id  WHERE hy.id = '10007' LIMIT 1   [ RunTime:0.0030s ]
NOTIC: [8] Undefined variable: tpl F:\PHP\wamp64\www\Marxism\Marxism\Application\Common\Controller\HyAllController.class.php 第 90 行.
INFO: [ before_view ] --START--
SQL: SHOW COLUMNS FROM `mar_frame_alert` [ RunTime:0.0080s ]
SQL: SELECT `id`,`category`,`icon`,`message`,`url`,`type`,`create_time` FROM `mar_frame_alert` where `to_users` LIKE '%,38,%' AND ( IFNULL(`read_users`,'')='' OR `read_users` NOT LIKE '%,38,%') AND `status`=1 ORDER BY `id` DESC [ RunTime:0.0010s ]
INFO: Run Common\Behavior\HyBeforeViewBehavior [ RunTime:0.019001s ]
INFO: [ before_view ] --END-- [ RunTime:0.021001s ]
INFO: [ view_parse ] --START--
INFO: [ template_filter ] --START--
INFO: Run Behavior\ContentReplaceBehavior [ RunTime:0.000000s ]
INFO: [ template_filter ] --END-- [ RunTime:0.001000s ]
NOTIC: [8] Undefined index: cols F:\PHP\wamp64\www\Marxism\Marxism\Runtime\Cache\Achieve\c6d80dac29f4bb3371a39f454a43cf44.php 第 13 行.
NOTIC: [8] Undefined index: cols F:\PHP\wamp64\www\Marxism\Marxism\Runtime\Cache\Achieve\c6d80dac29f4bb3371a39f454a43cf44.php 第 13 行.
NOTIC: [8] Undefined index: cols F:\PHP\wamp64\www\Marxism\Marxism\Runtime\Cache\Achieve\c6d80dac29f4bb3371a39f454a43cf44.php 第 30 行.
NOTIC: [8] Undefined index: cols F:\PHP\wamp64\www\Marxism\Marxism\Runtime\Cache\Achieve\c6d80dac29f4bb3371a39f454a43cf44.php 第 30 行.
NOTIC: [8] Undefined index: json F:\PHP\wamp64\www\Marxism\Marxism\Runtime\Cache\Achieve\c6d80dac29f4bb3371a39f454a43cf44.php 第 47 行.
INFO: Run Behavior\ParseTemplateBehavior [ RunTime:0.063004s ]
INFO: [ view_parse ] --END-- [ RunTime:0.065004s ]
INFO: [ view_filter ] --START--
INFO: Run Behavior\WriteHtmlCacheBehavior [ RunTime:0.002000s ]
INFO: [ view_filter ] --END-- [ RunTime:0.003000s ]
INFO: [ app_end ] --START--
INFO: Run Behavior\ShowPageTraceBehavior [ RunTime:0.004000s ]
INFO: [ app_end ] --END-- [ RunTime:0.004000s ]

[ 2016-10-04T22:13:23+08:00 ] ::1 /Marxism/Marxism/index.php/Achieve/Achiever/Marxism/Public/uploads/2016-09-29/57ed1535eb6c7.jpg
INFO: [ app_init ] --START--
INFO: Run Behavior\BuildLiteBehavior [ RunTime:0.001000s ]
INFO: [ app_init ] --END-- [ RunTime:0.004000s ]

